#-----------------------------------------------------------
# Vivado v2024.1 (64-bit)
# SW Build 5076996 on Wed May 22 18:37:14 MDT 2024
# IP Build 5075265 on Wed May 22 21:45:21 MDT 2024
# SharedData Build 5076995 on Wed May 22 18:29:18 MDT 2024
# Start of session at: Wed Mar 12 20:47:55 2025
# Process ID: 3984
# Current directory: D:/Github/tt10-multiplier_UART_SPI/vivado/project_1
# Command line: vivado.exe -gui_launcher_event rodinguilauncherevent14228 D:\Github\tt10-multiplier_UART_SPI\vivado\project_1\project_1.xpr
# Log file: D:/Github/tt10-multiplier_UART_SPI/vivado/project_1/vivado.log
# Journal file: D:/Github/tt10-multiplier_UART_SPI/vivado/project_1\vivado.jou
# Running On        :GHOST
# Platform          :Windows Server 2016 or Windows 10
# Operating System  :19045
# Processor Detail  :Intel(R) Core(TM) i5-10300H CPU @ 2.50GHz
# CPU Frequency     :2496 MHz
# CPU Physical cores:4
# CPU Logical cores :8
# Host memory       :17041 MB
# Swap memory       :1073 MB
# Total Virtual     :18114 MB
# Available Virtual :10458 MB
#-----------------------------------------------------------
start_gui
open_project D:/Github/tt10-multiplier_UART_SPI/vivado/project_1/project_1.xpr
WARNING: [Board 49-26] cannot add Board Part xilinx.com:kc705:part0:1.6 available at D:/SOFTWARES/vivado2024/install/Vivado/2024.1/data/xhub/boards/XilinxBoardStore/boards/Xilinx/kc705/1.6/board.xml as part xc7k325tffg900-2 specified in board_part file is either invalid or not available
WARNING: [Board 49-26] cannot add Board Part xilinx.com:kcu105:part0:1.6 available at D:/SOFTWARES/vivado2024/install/Vivado/2024.1/data/xhub/boards/XilinxBoardStore/boards/Xilinx/kcu105/1.6/board.xml as part xcku040-ffva1156-2-e specified in board_part file is either invalid or not available
WARNING: [Board 49-26] cannot add Board Part xilinx.com:kcu105:part0:1.7 available at D:/SOFTWARES/vivado2024/install/Vivado/2024.1/data/xhub/boards/XilinxBoardStore/boards/Xilinx/kcu105/1.7/board.xml as part xcku040-ffva1156-2-e specified in board_part file is either invalid or not available
WARNING: [Board 49-26] cannot add Board Part xilinx.com:kcu1500:part0:1.2 available at D:/SOFTWARES/vivado2024/install/Vivado/2024.1/data/xhub/boards/XilinxBoardStore/boards/Xilinx/kcu1500/1.2/board.xml as part xcku115-flvb2104-2-e specified in board_part file is either invalid or not available
WARNING: [Board 49-26] cannot add Board Part xilinx.com:vc707:part0:1.4 available at D:/SOFTWARES/vivado2024/install/Vivado/2024.1/data/xhub/boards/XilinxBoardStore/boards/Xilinx/vc707/1.4/board.xml as part xc7vx485tffg1761-2 specified in board_part file is either invalid or not available
WARNING: [Board 49-26] cannot add Board Part xilinx.com:vc709:part0:1.8 available at D:/SOFTWARES/vivado2024/install/Vivado/2024.1/data/xhub/boards/XilinxBoardStore/boards/Xilinx/vc709/1.8/board.xml as part xc7vx690tffg1761-2 specified in board_part file is either invalid or not available
WARNING: [Board 49-26] cannot add Board Part xilinx.com:vck190:part0:2.2 available at D:/SOFTWARES/vivado2024/install/Vivado/2024.1/data/xhub/boards/XilinxBoardStore/boards/Xilinx/vck190/production/2.2/board.xml as part xcvc1902-vsva2197-2mp-e-s specified in board_part file is either invalid or not available
WARNING: [Board 49-26] cannot add Board Part xilinx.com:vck190:part0:3.0 available at D:/SOFTWARES/vivado2024/install/Vivado/2024.1/data/xhub/boards/XilinxBoardStore/boards/Xilinx/vck190/production/3.0/board.xml as part xcvc1902-vsva2197-2mp-e-s specified in board_part file is either invalid or not available
WARNING: [Board 49-26] cannot add Board Part xilinx.com:vck190:part0:3.1 available at D:/SOFTWARES/vivado2024/install/Vivado/2024.1/data/xhub/boards/XilinxBoardStore/boards/Xilinx/vck190/production/3.1/board.xml as part xcvc1902-vsva2197-2mp-e-s specified in board_part file is either invalid or not available
WARNING: [Board 49-26] cannot add Board Part xilinx.com:vck190:part0:3.2 available at D:/SOFTWARES/vivado2024/install/Vivado/2024.1/data/xhub/boards/XilinxBoardStore/boards/Xilinx/vck190/production/3.2/board.xml as part xcvc1902-vsva2197-2mp-e-s specified in board_part file is either invalid or not available
WARNING: [Board 49-26] cannot add Board Part xilinx.com:vck190:part0:3.3 available at D:/SOFTWARES/vivado2024/install/Vivado/2024.1/data/xhub/boards/XilinxBoardStore/boards/Xilinx/vck190/production/3.3/board.xml as part xcvc1902-vsva2197-2mp-e-s specified in board_part file is either invalid or not available
WARNING: [Board 49-26] cannot add Board Part xilinx.com:vck190_newl:part0:1.0 available at D:/SOFTWARES/vivado2024/install/Vivado/2024.1/data/xhub/boards/XilinxBoardStore/boards/Xilinx/vck190_newl/production/1.0/board.xml as part xcvc1902-vsva2197-2mp-e-s specified in board_part file is either invalid or not available
WARNING: [Board 49-26] cannot add Board Part xilinx.com:vck190_newl:part0:1.1 available at D:/SOFTWARES/vivado2024/install/Vivado/2024.1/data/xhub/boards/XilinxBoardStore/boards/Xilinx/vck190_newl/production/1.1/board.xml as part xcvc1902-vsva2197-2mp-e-s specified in board_part file is either invalid or not available
WARNING: [Board 49-26] cannot add Board Part xilinx.com:vck190_newl:part0:1.2 available at D:/SOFTWARES/vivado2024/install/Vivado/2024.1/data/xhub/boards/XilinxBoardStore/boards/Xilinx/vck190_newl/production/1.2/board.xml as part xcvc1902-vsva2197-2mp-e-s specified in board_part file is either invalid or not available
WARNING: [Board 49-26] cannot add Board Part xilinx.com:vcu108:part0:1.6 available at D:/SOFTWARES/vivado2024/install/Vivado/2024.1/data/xhub/boards/XilinxBoardStore/boards/Xilinx/vcu108/1.6/board.xml as part xcvu095-ffva2104-2-e specified in board_part file is either invalid or not available
WARNING: [Board 49-26] cannot add Board Part xilinx.com:vcu108:part0:1.7 available at D:/SOFTWARES/vivado2024/install/Vivado/2024.1/data/xhub/boards/XilinxBoardStore/boards/Xilinx/vcu108/1.7/board.xml as part xcvu095-ffva2104-2-e specified in board_part file is either invalid or not available
WARNING: [Board 49-26] cannot add Board Part xilinx.com:vcu110:part0:1.4 available at D:/SOFTWARES/vivado2024/install/Vivado/2024.1/data/xhub/boards/XilinxBoardStore/boards/Xilinx/vcu110/1.4/board.xml as part xcvu190-flgc2104-2-e specified in board_part file is either invalid or not available
WARNING: [Board 49-26] cannot add Board Part xilinx.com:vcu118:part0:2.0 available at D:/SOFTWARES/vivado2024/install/Vivado/2024.1/data/xhub/boards/XilinxBoardStore/boards/Xilinx/vcu118/2.0/board.xml as part xcvu9p-flga2104-2l-e specified in board_part file is either invalid or not available
WARNING: [Board 49-26] cannot add Board Part xilinx.com:vcu118:part0:2.3 available at D:/SOFTWARES/vivado2024/install/Vivado/2024.1/data/xhub/boards/XilinxBoardStore/boards/Xilinx/vcu118/2.3/board.xml as part xcvu9p-flga2104-2l-e specified in board_part file is either invalid or not available
WARNING: [Board 49-26] cannot add Board Part xilinx.com:vcu118:part0:2.4 available at D:/SOFTWARES/vivado2024/install/Vivado/2024.1/data/xhub/boards/XilinxBoardStore/boards/Xilinx/vcu118/2.4/board.xml as part xcvu9p-flga2104-2l-e specified in board_part file is either invalid or not available
WARNING: [Board 49-26] cannot add Board Part xilinx.com:vcu129:part0:1.0 available at D:/SOFTWARES/vivado2024/install/Vivado/2024.1/data/xhub/boards/XilinxBoardStore/boards/Xilinx/vcu129/production/1.0/board.xml as part xcvu29p-fsga2577-2l-e specified in board_part file is either invalid or not available
WARNING: [Board 49-26] cannot add Board Part xilinx.com:vcu1525:part0:1.3 available at D:/SOFTWARES/vivado2024/install/Vivado/2024.1/data/xhub/boards/XilinxBoardStore/boards/Xilinx/vcu1525/1.3/board.xml as part xcvu9p-fsgd2104-2l-e specified in board_part file is either invalid or not available
WARNING: [Board 49-26] cannot add Board Part xilinx.com:vek280:part0:1.0 available at D:/SOFTWARES/vivado2024/install/Vivado/2024.1/data/xhub/boards/XilinxBoardStore/boards/Xilinx/vek280/production/1.0/board.xml as part xcve2802-vsvh1760-2mp-e-s specified in board_part file is either invalid or not available
WARNING: [Board 49-26] cannot add Board Part xilinx.com:vek280:part0:1.1 available at D:/SOFTWARES/vivado2024/install/Vivado/2024.1/data/xhub/boards/XilinxBoardStore/boards/Xilinx/vek280/production/1.1/board.xml as part xcve2802-vsvh1760-2mp-e-s specified in board_part file is either invalid or not available
WARNING: [Board 49-26] cannot add Board Part xilinx.com:vek280:part0:1.2 available at D:/SOFTWARES/vivado2024/install/Vivado/2024.1/data/xhub/boards/XilinxBoardStore/boards/Xilinx/vek280/production/1.2/board.xml as part xcve2802-vsvh1760-2mp-e-s specified in board_part file is either invalid or not available
WARNING: [Board 49-26] cannot add Board Part xilinx.com:vek280_es:part0:1.0 available at D:/SOFTWARES/vivado2024/install/Vivado/2024.1/data/xhub/boards/XilinxBoardStore/boards/Xilinx/vek280/es/rev_a/1.0/board.xml as part xcve2802-vsvh1760-2lp-e-s-es1 specified in board_part file is either invalid or not available
WARNING: [Board 49-26] cannot add Board Part xilinx.com:vek280_es:part0:1.1 available at D:/SOFTWARES/vivado2024/install/Vivado/2024.1/data/xhub/boards/XilinxBoardStore/boards/Xilinx/vek280/es/rev_a/1.1/board.xml as part xcve2802-vsvh1760-2lp-e-s-es1 specified in board_part file is either invalid or not available
WARNING: [Board 49-26] cannot add Board Part xilinx.com:vek280_es_revb:part0:1.0 available at D:/SOFTWARES/vivado2024/install/Vivado/2024.1/data/xhub/boards/XilinxBoardStore/boards/Xilinx/vek280/es/rev_b/1.0/board.xml as part xcve2802-vsvh1760-2mp-e-s-es1 specified in board_part file is either invalid or not available
WARNING: [Board 49-26] cannot add Board Part xilinx.com:vek280_es_revb:part0:1.1 available at D:/SOFTWARES/vivado2024/install/Vivado/2024.1/data/xhub/boards/XilinxBoardStore/boards/Xilinx/vek280/es/rev_b/1.1/board.xml as part xcve2802-vsvh1760-2mp-e-s-es1 specified in board_part file is either invalid or not available
WARNING: [Board 49-26] cannot add Board Part xilinx.com:vermeo_t1_mpsoc:part0:1.0 available at D:/SOFTWARES/vivado2024/install/Vivado/2024.1/data/xhub/boards/XilinxBoardStore/boards/Xilinx/vermeo_t1_mpsoc/1.0/board.xml as part xczu19eg-ffvd1760-2l-e specified in board_part file is either invalid or not available
WARNING: [Board 49-26] cannot add Board Part xilinx.com:vermeo_t1_rfsoc:part0:1.0 available at D:/SOFTWARES/vivado2024/install/Vivado/2024.1/data/xhub/boards/XilinxBoardStore/boards/Xilinx/vermeo_t1_rfsoc/1.0/board.xml as part xczu21dr-ffvd1156-2l-e specified in board_part file is either invalid or not available
WARNING: [Board 49-26] cannot add Board Part xilinx.com:vhk158:part0:1.0 available at D:/SOFTWARES/vivado2024/install/Vivado/2024.1/data/xhub/boards/XilinxBoardStore/boards/Xilinx/vhk158/production/1.0/board.xml as part xcvh1582-vsva3697-2mp-e-s specified in board_part file is either invalid or not available
WARNING: [Board 49-26] cannot add Board Part xilinx.com:vhk158:part0:1.1 available at D:/SOFTWARES/vivado2024/install/Vivado/2024.1/data/xhub/boards/XilinxBoardStore/boards/Xilinx/vhk158/production/1.1/board.xml as part xcvh1582-vsva3697-2mp-e-s specified in board_part file is either invalid or not available
WARNING: [Board 49-26] cannot add Board Part xilinx.com:vhk158_es:part0:1.0 available at D:/SOFTWARES/vivado2024/install/Vivado/2024.1/data/xhub/boards/XilinxBoardStore/boards/Xilinx/vhk158/es/1.0/board.xml as part xcvh1582-vsva3697-2mp-e-s-es1 specified in board_part file is either invalid or not available
WARNING: [Board 49-26] cannot add Board Part xilinx.com:vhk158_es:part0:1.1 available at D:/SOFTWARES/vivado2024/install/Vivado/2024.1/data/xhub/boards/XilinxBoardStore/boards/Xilinx/vhk158/es/1.1/board.xml as part xcvh1582-vsva3697-2mp-e-s-es1 specified in board_part file is either invalid or not available
WARNING: [Board 49-26] cannot add Board Part xilinx.com:vmk180:part0:2.2 available at D:/SOFTWARES/vivado2024/install/Vivado/2024.1/data/xhub/boards/XilinxBoardStore/boards/Xilinx/vmk180/production/2.2/board.xml as part xcvm1802-vsva2197-2mp-e-s specified in board_part file is either invalid or not available
WARNING: [Board 49-26] cannot add Board Part xilinx.com:vmk180:part0:3.0 available at D:/SOFTWARES/vivado2024/install/Vivado/2024.1/data/xhub/boards/XilinxBoardStore/boards/Xilinx/vmk180/production/3.0/board.xml as part xcvm1802-vsva2197-2mp-e-s specified in board_part file is either invalid or not available
WARNING: [Board 49-26] cannot add Board Part xilinx.com:vmk180:part0:3.1 available at D:/SOFTWARES/vivado2024/install/Vivado/2024.1/data/xhub/boards/XilinxBoardStore/boards/Xilinx/vmk180/production/3.1/board.xml as part xcvm1802-vsva2197-2mp-e-s specified in board_part file is either invalid or not available
WARNING: [Board 49-26] cannot add Board Part xilinx.com:vmk180:part0:3.2 available at D:/SOFTWARES/vivado2024/install/Vivado/2024.1/data/xhub/boards/XilinxBoardStore/boards/Xilinx/vmk180/production/3.2/board.xml as part xcvm1802-vsva2197-2mp-e-s specified in board_part file is either invalid or not available
WARNING: [Board 49-26] cannot add Board Part xilinx.com:vmk180_newl:part0:1.0 available at D:/SOFTWARES/vivado2024/install/Vivado/2024.1/data/xhub/boards/XilinxBoardStore/boards/Xilinx/vmk180_newl/production/1.0/board.xml as part xcvm1802-vsva2197-2mp-e-s specified in board_part file is either invalid or not available
WARNING: [Board 49-26] cannot add Board Part xilinx.com:vmk180_newl:part0:1.1 available at D:/SOFTWARES/vivado2024/install/Vivado/2024.1/data/xhub/boards/XilinxBoardStore/boards/Xilinx/vmk180_newl/production/1.1/board.xml as part xcvm1802-vsva2197-2mp-e-s specified in board_part file is either invalid or not available
WARNING: [Board 49-26] cannot add Board Part xilinx.com:vpk120:part0:1.0 available at D:/SOFTWARES/vivado2024/install/Vivado/2024.1/data/xhub/boards/XilinxBoardStore/boards/Xilinx/vpk120/production/1.0/board.xml as part xcvp1202-vsva2785-2mp-e-s specified in board_part file is either invalid or not available
WARNING: [Board 49-26] cannot add Board Part xilinx.com:vpk120:part0:1.1 available at D:/SOFTWARES/vivado2024/install/Vivado/2024.1/data/xhub/boards/XilinxBoardStore/boards/Xilinx/vpk120/production/1.1/board.xml as part xcvp1202-vsva2785-2mp-e-s specified in board_part file is either invalid or not available
WARNING: [Board 49-26] cannot add Board Part xilinx.com:vpk120:part0:1.2 available at D:/SOFTWARES/vivado2024/install/Vivado/2024.1/data/xhub/boards/XilinxBoardStore/boards/Xilinx/vpk120/production/1.2/board.xml as part xcvp1202-vsva2785-2mp-e-s specified in board_part file is either invalid or not available
WARNING: [Board 49-26] cannot add Board Part xilinx.com:vpk180:part0:1.0 available at D:/SOFTWARES/vivado2024/install/Vivado/2024.1/data/xhub/boards/XilinxBoardStore/boards/Xilinx/vpk180/production/1.0/board.xml as part xcvp1802-lsvc4072-2mp-e-s specified in board_part file is either invalid or not available
WARNING: [Board 49-26] cannot add Board Part xilinx.com:vpk180:part0:1.1 available at D:/SOFTWARES/vivado2024/install/Vivado/2024.1/data/xhub/boards/XilinxBoardStore/boards/Xilinx/vpk180/production/1.1/board.xml as part xcvp1802-lsvc4072-2mp-e-s specified in board_part file is either invalid or not available
WARNING: [Board 49-26] cannot add Board Part xilinx.com:vpk180:part0:1.2 available at D:/SOFTWARES/vivado2024/install/Vivado/2024.1/data/xhub/boards/XilinxBoardStore/boards/Xilinx/vpk180/production/1.2/board.xml as part xcvp1802-lsvc4072-2mp-e-s specified in board_part file is either invalid or not available
WARNING: [Board 49-26] cannot add Board Part xilinx.com:zc706:part0:1.4 available at D:/SOFTWARES/vivado2024/install/Vivado/2024.1/data/xhub/boards/XilinxBoardStore/boards/Xilinx/zc706/1.4/board.xml as part xc7z045ffg900-2 specified in board_part file is either invalid or not available
WARNING: [Board 49-26] cannot add Board Part xilinx.com:zcu102:part0:3.3 available at D:/SOFTWARES/vivado2024/install/Vivado/2024.1/data/xhub/boards/XilinxBoardStore/boards/Xilinx/zcu102/3.3/board.xml as part xczu9eg-ffvb1156-2-e specified in board_part file is either invalid or not available
WARNING: [Board 49-26] cannot add Board Part xilinx.com:zcu102:part0:3.4 available at D:/SOFTWARES/vivado2024/install/Vivado/2024.1/data/xhub/boards/XilinxBoardStore/boards/Xilinx/zcu102/3.4/board.xml as part xczu9eg-ffvb1156-2-e specified in board_part file is either invalid or not available
WARNING: [Board 49-26] cannot add Board Part xilinx.com:zcu111:part0:1.2 available at D:/SOFTWARES/vivado2024/install/Vivado/2024.1/data/xhub/boards/XilinxBoardStore/boards/Xilinx/zcu111/1.2/board.xml as part xczu28dr-ffvg1517-2-e specified in board_part file is either invalid or not available
WARNING: [Board 49-26] cannot add Board Part xilinx.com:zcu111:part0:1.3 available at D:/SOFTWARES/vivado2024/install/Vivado/2024.1/data/xhub/boards/XilinxBoardStore/boards/Xilinx/zcu111/1.3/board.xml as part xczu28dr-ffvg1517-2-e specified in board_part file is either invalid or not available
WARNING: [Board 49-26] cannot add Board Part xilinx.com:zcu111:part0:1.4 available at D:/SOFTWARES/vivado2024/install/Vivado/2024.1/data/xhub/boards/XilinxBoardStore/boards/Xilinx/zcu111/1.4/board.xml as part xczu28dr-ffvg1517-2-e specified in board_part file is either invalid or not available
WARNING: [Board 49-26] cannot add Board Part xilinx.com:zcu1275:part0:1.0 available at D:/SOFTWARES/vivado2024/install/Vivado/2024.1/data/xhub/boards/XilinxBoardStore/boards/Xilinx/zcu1275/1.0/board.xml as part xczu29dr-ffvf1760-2-e specified in board_part file is either invalid or not available
WARNING: [Board 49-26] cannot add Board Part xilinx.com:zcu1285:part0:1.0 available at D:/SOFTWARES/vivado2024/install/Vivado/2024.1/data/xhub/boards/XilinxBoardStore/boards/Xilinx/zcu1285/1.0/board.xml as part xczu39dr-ffvf1760-2-i specified in board_part file is either invalid or not available
WARNING: [Board 49-26] cannot add Board Part xilinx.com:zcu208:part0:2.0 available at D:/SOFTWARES/vivado2024/install/Vivado/2024.1/data/xhub/boards/XilinxBoardStore/boards/Xilinx/zcu208/production/2.0/board.xml as part xczu48dr-fsvg1517-2-e specified in board_part file is either invalid or not available
WARNING: [Board 49-26] cannot add Board Part xilinx.com:zcu208ld:part0:2.0 available at D:/SOFTWARES/vivado2024/install/Vivado/2024.1/data/xhub/boards/XilinxBoardStore/boards/Xilinx/zcu208ld/production/2.0/board.xml as part xczu58dr-fsvg1517-2-i specified in board_part file is either invalid or not available
WARNING: [Board 49-26] cannot add Board Part xilinx.com:zcu216:part0:2.0 available at D:/SOFTWARES/vivado2024/install/Vivado/2024.1/data/xhub/boards/XilinxBoardStore/boards/Xilinx/zcu216/production/2.0/board.xml as part xczu49dr-ffvf1760-2-e specified in board_part file is either invalid or not available
WARNING: [Board 49-26] cannot add Board Part xilinx.com:zcu216ld:part0:2.0 available at D:/SOFTWARES/vivado2024/install/Vivado/2024.1/data/xhub/boards/XilinxBoardStore/boards/Xilinx/zcu216ld/production/2.0/board.xml as part xczu59dr-ffvf1760-2-i specified in board_part file is either invalid or not available
WARNING: [Board 49-26] cannot add Board Part xilinx.com:zcu670:part0:2.0 available at D:/SOFTWARES/vivado2024/install/Vivado/2024.1/data/xhub/boards/XilinxBoardStore/boards/Xilinx/zcu670/2.0/board.xml as part xczu67dr-fsve1156-2-i specified in board_part file is either invalid or not available
WARNING: [Board 49-26] cannot add Board Part xilinx.com:zcu670ld:part0:1.0 available at D:/SOFTWARES/vivado2024/install/Vivado/2024.1/data/xhub/boards/XilinxBoardStore/boards/Xilinx/zcu670ld/1.0/board.xml as part xczu57dr-fsve1156-2-i specified in board_part file is either invalid or not available
INFO: [Project 1-313] Project file moved from 'C:/Users/vivek/Documents/GitHub/tt10-multiplier_UART_SPI/vivado/project_1' since last save.
INFO: [filemgmt 56-3] Default IP Output Path : Could not find the directory 'D:/Github/tt10-multiplier_UART_SPI/vivado/project_1/project_1.gen/sources_1'.
CRITICAL WARNING: [Project 1-311] Could not find the file 'D:/Github/tt10-multiplier_UART_SPI/src/tb_spi_master_slave.sv', nor could it be found using path 'C:/Users/vivek/Documents/GitHub/tt10-multiplier_UART_SPI/src/tb_spi_master_slave.sv'.
Scanning sources...
Finished scanning sources
INFO: [IP_Flow 19-234] Refreshing IP repositories
INFO: [IP_Flow 19-1704] No user IP repositories specified
INFO: [IP_Flow 19-2313] Loaded Vivado IP repository 'D:/SOFTWARES/vivado2024/install/Vivado/2024.1/data/ip'.
open_project: Time (s): cpu = 00:00:45 ; elapsed = 00:00:42 . Memory (MB): peak = 1494.051 ; gain = 431.660
update_compile_order -fileset sources_1
launch_simulation
Command: launch_simulation 
INFO: [Vivado 12-12493] Simulation top is 'tb_spi_slave'
WARNING: [Vivado 12-13340] Unable to auto find GCC executables from simulator install path! (path not set)
INFO: [Vivado 12-5682] Launching behavioral simulation in 'D:/Github/tt10-multiplier_UART_SPI/vivado/project_1/project_1.sim/sim_1/behav/xsim'
INFO: [SIM-utils-51] Simulation object is 'sim_1'
INFO: [SIM-utils-72] Using boost library from 'D:/SOFTWARES/vivado2024/install/Vivado/2024.1/tps/boost_1_72_0'
INFO: [SIM-utils-54] Inspecting design source files for 'tb_spi_slave' in fileset 'sim_1'...
INFO: [USF-XSim-97] Finding global include files...
INFO: [USF-XSim-98] Fetching design files from 'sim_1'...
INFO: [USF-XSim-2] XSim::Compile design
INFO: [USF-XSim-61] Executing 'COMPILE and ANALYZE' step in 'D:/Github/tt10-multiplier_UART_SPI/vivado/project_1/project_1.sim/sim_1/behav/xsim'
"xvlog --incr --relax -L uvm -prj tb_spi_slave_vlog.prj"
INFO: [VRFC 10-2263] Analyzing SystemVerilog file "D:/Github/tt10-multiplier_UART_SPI/src/spi_slave.sv" into library xil_defaultlib
INFO: [VRFC 10-311] analyzing module spi_slave
INFO: [VRFC 10-2263] Analyzing SystemVerilog file "D:/Github/tt10-multiplier_UART_SPI/src/tb_spi_slave.sv" into library xil_defaultlib
INFO: [VRFC 10-311] analyzing module tb_spi_slave
INFO: [VRFC 10-2263] Analyzing Verilog file "D:/Github/tt10-multiplier_UART_SPI/vivado/project_1/project_1.sim/sim_1/behav/xsim/glbl.v" into library xil_defaultlib
INFO: [VRFC 10-311] analyzing module glbl
run_program: Time (s): cpu = 00:00:00 ; elapsed = 00:00:05 . Memory (MB): peak = 1519.582 ; gain = 0.000
INFO: [USF-XSim-69] 'compile' step finished in '6' seconds
INFO: [USF-XSim-3] XSim::Elaborate design
INFO: [USF-XSim-61] Executing 'ELABORATE' step in 'D:/Github/tt10-multiplier_UART_SPI/vivado/project_1/project_1.sim/sim_1/behav/xsim'
"xelab --incr --debug typical --relax --mt 2 -L xil_defaultlib -L uvm -L unisims_ver -L unimacro_ver -L secureip --snapshot tb_spi_slave_behav xil_defaultlib.tb_spi_slave xil_defaultlib.glbl -log elaborate.log"
Vivado Simulator v2024.1
Copyright 1986-2022 Xilinx, Inc. All Rights Reserved.
Copyright 2022-2024 Advanced Micro Devices, Inc. All Rights Reserved.
Running: D:/SOFTWARES/vivado2024/install/Vivado/2024.1/bin/unwrapped/win64.o/xelab.exe --incr --debug typical --relax --mt 2 -L xil_defaultlib -L uvm -L unisims_ver -L unimacro_ver -L secureip --snapshot tb_spi_slave_behav xil_defaultlib.tb_spi_slave xil_defaultlib.glbl -log elaborate.log 
Using 2 slave threads.
Starting static elaboration
Pass Through NonSizing Optimizer
WARNING: [VRFC 10-3823] variable 'mosi_reg_data' might have multiple concurrent drivers [D:/Github/tt10-multiplier_UART_SPI/src/tb_spi_slave.sv:50]
Completed static elaboration
Starting simulation data flow analysis
WARNING: [XSIM 43-4100] "D:/Github/tt10-multiplier_UART_SPI/vivado/project_1/project_1.sim/sim_1/behav/xsim/glbl.v" Line 6. Module glbl has a timescale but at least one module in design doesn't have timescale.
WARNING: [XSIM 43-4100] "D:/Github/tt10-multiplier_UART_SPI/vivado/project_1/project_1.sim/sim_1/behav/xsim/glbl.v" Line 6. Module glbl has a timescale but at least one module in design doesn't have timescale.
Completed simulation data flow analysis
Time Resolution for simulation is 1ps
Compiling module xil_defaultlib.spi_slave_default
Compiling module xil_defaultlib.tb_spi_slave
Compiling module xil_defaultlib.glbl
Built simulation snapshot tb_spi_slave_behav
run_program: Time (s): cpu = 00:00:01 ; elapsed = 00:00:10 . Memory (MB): peak = 1519.582 ; gain = 0.000
INFO: [USF-XSim-69] 'elaborate' step finished in '10' seconds
INFO: [USF-XSim-4] XSim::Simulate design
INFO: [USF-XSim-61] Executing 'SIMULATE' step in 'D:/Github/tt10-multiplier_UART_SPI/vivado/project_1/project_1.sim/sim_1/behav/xsim'
INFO: [USF-XSim-98] *** Running xsim
   with args "tb_spi_slave_behav -key {Behavioral:sim_1:Functional:tb_spi_slave} -tclbatch {tb_spi_slave.tcl} -view {D:/Github/tt10-multiplier_UART_SPI/vivado/project_1/tb_i8bit_mul_behav.wcfg} -log {simulate.log}"
INFO: [USF-XSim-8] Loading simulator feature
Time resolution is 1 ps
open_wave_config D:/Github/tt10-multiplier_UART_SPI/vivado/project_1/tb_i8bit_mul_behav.wcfg
source tb_spi_slave.tcl
# set curr_wave [current_wave_config]
# if { [string length $curr_wave] == 0 } {
#   if { [llength [get_objects]] > 0} {
#     add_wave /
#     set_property needs_save false [current_wave_config]
#   } else {
#      send_msg_id Add_Wave-1 WARNING "No top level signals found. Simulator will start without a wave window. If you want to open a wave window go to 'File->New Waveform Configuration' or type 'create_wave_config' in the TCL console."
#   }
# }
# run 1000ns
INFO: [USF-XSim-96] XSim completed. Design snapshot 'tb_spi_slave_behav' loaded.
INFO: [USF-XSim-97] XSim simulation ran for 1000ns
launch_simulation: Time (s): cpu = 00:00:09 ; elapsed = 00:00:23 . Memory (MB): peak = 1558.492 ; gain = 38.910
restart
INFO: [Wavedata 42-604] Simulation restarted
run 3000 us
run 3000 us
relaunch_sim
Command: launch_simulation -step compile -simset sim_1 -mode behavioral
INFO: [Vivado 12-12493] Simulation top is 'tb_spi_slave'
WARNING: [Vivado 12-13340] Unable to auto find GCC executables from simulator install path! (path not set)
INFO: [Vivado 12-5682] Launching behavioral simulation in 'D:/Github/tt10-multiplier_UART_SPI/vivado/project_1/project_1.sim/sim_1/behav/xsim'
INFO: [SIM-utils-51] Simulation object is 'sim_1'
INFO: [SIM-utils-72] Using boost library from 'D:/SOFTWARES/vivado2024/install/Vivado/2024.1/tps/boost_1_72_0'
INFO: [SIM-utils-54] Inspecting design source files for 'tb_spi_slave' in fileset 'sim_1'...
INFO: [USF-XSim-97] Finding global include files...
INFO: [USF-XSim-98] Fetching design files from 'sim_1'...
INFO: [USF-XSim-2] XSim::Compile design
INFO: [USF-XSim-61] Executing 'COMPILE and ANALYZE' step in 'D:/Github/tt10-multiplier_UART_SPI/vivado/project_1/project_1.sim/sim_1/behav/xsim'
"xvlog --incr --relax -L uvm -prj tb_spi_slave_vlog.prj"
INFO: [VRFC 10-2263] Analyzing SystemVerilog file "D:/Github/tt10-multiplier_UART_SPI/src/spi_slave.sv" into library xil_defaultlib
INFO: [VRFC 10-311] analyzing module spi_slave
INFO: [VRFC 10-2263] Analyzing SystemVerilog file "D:/Github/tt10-multiplier_UART_SPI/src/tb_spi_slave.sv" into library xil_defaultlib
INFO: [VRFC 10-311] analyzing module tb_spi_slave
INFO: [USF-XSim-69] 'compile' step finished in '3' seconds
Command: launch_simulation -step elaborate -simset sim_1 -mode behavioral
INFO: [Vivado 12-12493] Simulation top is 'tb_spi_slave'
WARNING: [Vivado 12-13340] Unable to auto find GCC executables from simulator install path! (path not set)
INFO: [Vivado 12-5682] Launching behavioral simulation in 'D:/Github/tt10-multiplier_UART_SPI/vivado/project_1/project_1.sim/sim_1/behav/xsim'
INFO: [SIM-utils-51] Simulation object is 'sim_1'
INFO: [USF-XSim-3] XSim::Elaborate design
INFO: [USF-XSim-61] Executing 'ELABORATE' step in 'D:/Github/tt10-multiplier_UART_SPI/vivado/project_1/project_1.sim/sim_1/behav/xsim'
"xelab --incr --debug typical --relax --mt 2 -L xil_defaultlib -L uvm -L unisims_ver -L unimacro_ver -L secureip --snapshot tb_spi_slave_behav xil_defaultlib.tb_spi_slave xil_defaultlib.glbl -log elaborate.log"
Vivado Simulator v2024.1
Copyright 1986-2022 Xilinx, Inc. All Rights Reserved.
Copyright 2022-2024 Advanced Micro Devices, Inc. All Rights Reserved.
Running: D:/SOFTWARES/vivado2024/install/Vivado/2024.1/bin/unwrapped/win64.o/xelab.exe --incr --debug typical --relax --mt 2 -L xil_defaultlib -L uvm -L unisims_ver -L unimacro_ver -L secureip --snapshot tb_spi_slave_behav xil_defaultlib.tb_spi_slave xil_defaultlib.glbl -log elaborate.log 
Using 2 slave threads.
Starting static elaboration
Pass Through NonSizing Optimizer
WARNING: [VRFC 10-3823] variable 'mosi_reg_data' might have multiple concurrent drivers [D:/Github/tt10-multiplier_UART_SPI/src/tb_spi_slave.sv:50]
Completed static elaboration
Starting simulation data flow analysis
WARNING: [XSIM 43-4100] "D:/Github/tt10-multiplier_UART_SPI/vivado/project_1/project_1.sim/sim_1/behav/xsim/glbl.v" Line 6. Module glbl has a timescale but at least one module in design doesn't have timescale.
WARNING: [XSIM 43-4100] "D:/Github/tt10-multiplier_UART_SPI/vivado/project_1/project_1.sim/sim_1/behav/xsim/glbl.v" Line 6. Module glbl has a timescale but at least one module in design doesn't have timescale.
Completed simulation data flow analysis
Time Resolution for simulation is 1ps
Compiling module xil_defaultlib.spi_slave_default
Compiling module xil_defaultlib.tb_spi_slave
Compiling module xil_defaultlib.glbl
Built simulation snapshot tb_spi_slave_behav
INFO: [USF-XSim-69] 'elaborate' step finished in '4' seconds
Time resolution is 1 ps
relaunch_sim: Time (s): cpu = 00:00:02 ; elapsed = 00:00:12 . Memory (MB): peak = 1776.438 ; gain = 0.000
restart
INFO: [Wavedata 42-604] Simulation restarted
run 3000 us
relaunch_sim
Command: launch_simulation -step compile -simset sim_1 -mode behavioral
INFO: [Vivado 12-12493] Simulation top is 'tb_spi_slave'
WARNING: [Vivado 12-13340] Unable to auto find GCC executables from simulator install path! (path not set)
INFO: [Vivado 12-5682] Launching behavioral simulation in 'D:/Github/tt10-multiplier_UART_SPI/vivado/project_1/project_1.sim/sim_1/behav/xsim'
INFO: [SIM-utils-51] Simulation object is 'sim_1'
INFO: [USF-XSim-2] XSim::Compile design
INFO: [USF-XSim-61] Executing 'COMPILE and ANALYZE' step in 'D:/Github/tt10-multiplier_UART_SPI/vivado/project_1/project_1.sim/sim_1/behav/xsim'
"xvlog --incr --relax -L uvm -prj tb_spi_slave_vlog.prj"
INFO: [VRFC 10-2263] Analyzing SystemVerilog file "D:/Github/tt10-multiplier_UART_SPI/src/spi_slave.sv" into library xil_defaultlib
INFO: [VRFC 10-311] analyzing module spi_slave
INFO: [VRFC 10-2263] Analyzing SystemVerilog file "D:/Github/tt10-multiplier_UART_SPI/src/tb_spi_slave.sv" into library xil_defaultlib
INFO: [VRFC 10-311] analyzing module tb_spi_slave
INFO: [USF-XSim-69] 'compile' step finished in '3' seconds
Command: launch_simulation -step elaborate -simset sim_1 -mode behavioral
INFO: [Vivado 12-12493] Simulation top is 'tb_spi_slave'
WARNING: [Vivado 12-13340] Unable to auto find GCC executables from simulator install path! (path not set)
INFO: [Vivado 12-5682] Launching behavioral simulation in 'D:/Github/tt10-multiplier_UART_SPI/vivado/project_1/project_1.sim/sim_1/behav/xsim'
INFO: [SIM-utils-51] Simulation object is 'sim_1'
INFO: [USF-XSim-3] XSim::Elaborate design
INFO: [USF-XSim-61] Executing 'ELABORATE' step in 'D:/Github/tt10-multiplier_UART_SPI/vivado/project_1/project_1.sim/sim_1/behav/xsim'
"xelab --incr --debug typical --relax --mt 2 -L xil_defaultlib -L uvm -L unisims_ver -L unimacro_ver -L secureip --snapshot tb_spi_slave_behav xil_defaultlib.tb_spi_slave xil_defaultlib.glbl -log elaborate.log"
Vivado Simulator v2024.1
Copyright 1986-2022 Xilinx, Inc. All Rights Reserved.
Copyright 2022-2024 Advanced Micro Devices, Inc. All Rights Reserved.
Running: D:/SOFTWARES/vivado2024/install/Vivado/2024.1/bin/unwrapped/win64.o/xelab.exe --incr --debug typical --relax --mt 2 -L xil_defaultlib -L uvm -L unisims_ver -L unimacro_ver -L secureip --snapshot tb_spi_slave_behav xil_defaultlib.tb_spi_slave xil_defaultlib.glbl -log elaborate.log 
Using 2 slave threads.
Starting static elaboration
Pass Through NonSizing Optimizer
WARNING: [VRFC 10-3823] variable 'mosi_reg_data' might have multiple concurrent drivers [D:/Github/tt10-multiplier_UART_SPI/src/tb_spi_slave.sv:50]
Completed static elaboration
Starting simulation data flow analysis
WARNING: [XSIM 43-4100] "D:/Github/tt10-multiplier_UART_SPI/vivado/project_1/project_1.sim/sim_1/behav/xsim/glbl.v" Line 6. Module glbl has a timescale but at least one module in design doesn't have timescale.
WARNING: [XSIM 43-4100] "D:/Github/tt10-multiplier_UART_SPI/vivado/project_1/project_1.sim/sim_1/behav/xsim/glbl.v" Line 6. Module glbl has a timescale but at least one module in design doesn't have timescale.
Completed simulation data flow analysis
Time Resolution for simulation is 1ps
Compiling module xil_defaultlib.spi_slave_default
Compiling module xil_defaultlib.tb_spi_slave
Compiling module xil_defaultlib.glbl
Built simulation snapshot tb_spi_slave_behav
INFO: [USF-XSim-69] 'elaborate' step finished in '4' seconds
Time resolution is 1 ps
relaunch_sim: Time (s): cpu = 00:00:01 ; elapsed = 00:00:09 . Memory (MB): peak = 1776.438 ; gain = 0.000
restart
INFO: [Wavedata 42-604] Simulation restarted
run 3000 us
relaunch_sim
Command: launch_simulation -step compile -simset sim_1 -mode behavioral
INFO: [Vivado 12-12493] Simulation top is 'tb_spi_slave'
WARNING: [Vivado 12-13340] Unable to auto find GCC executables from simulator install path! (path not set)
INFO: [Vivado 12-5682] Launching behavioral simulation in 'D:/Github/tt10-multiplier_UART_SPI/vivado/project_1/project_1.sim/sim_1/behav/xsim'
INFO: [SIM-utils-51] Simulation object is 'sim_1'
INFO: [USF-XSim-2] XSim::Compile design
INFO: [USF-XSim-61] Executing 'COMPILE and ANALYZE' step in 'D:/Github/tt10-multiplier_UART_SPI/vivado/project_1/project_1.sim/sim_1/behav/xsim'
"xvlog --incr --relax -L uvm -prj tb_spi_slave_vlog.prj"
INFO: [VRFC 10-2263] Analyzing SystemVerilog file "D:/Github/tt10-multiplier_UART_SPI/src/spi_slave.sv" into library xil_defaultlib
INFO: [VRFC 10-311] analyzing module spi_slave
INFO: [VRFC 10-2263] Analyzing SystemVerilog file "D:/Github/tt10-multiplier_UART_SPI/src/tb_spi_slave.sv" into library xil_defaultlib
INFO: [VRFC 10-311] analyzing module tb_spi_slave
INFO: [USF-XSim-69] 'compile' step finished in '3' seconds
Command: launch_simulation -step elaborate -simset sim_1 -mode behavioral
INFO: [Vivado 12-12493] Simulation top is 'tb_spi_slave'
WARNING: [Vivado 12-13340] Unable to auto find GCC executables from simulator install path! (path not set)
INFO: [Vivado 12-5682] Launching behavioral simulation in 'D:/Github/tt10-multiplier_UART_SPI/vivado/project_1/project_1.sim/sim_1/behav/xsim'
INFO: [SIM-utils-51] Simulation object is 'sim_1'
INFO: [USF-XSim-3] XSim::Elaborate design
INFO: [USF-XSim-61] Executing 'ELABORATE' step in 'D:/Github/tt10-multiplier_UART_SPI/vivado/project_1/project_1.sim/sim_1/behav/xsim'
"xelab --incr --debug typical --relax --mt 2 -L xil_defaultlib -L uvm -L unisims_ver -L unimacro_ver -L secureip --snapshot tb_spi_slave_behav xil_defaultlib.tb_spi_slave xil_defaultlib.glbl -log elaborate.log"
Vivado Simulator v2024.1
Copyright 1986-2022 Xilinx, Inc. All Rights Reserved.
Copyright 2022-2024 Advanced Micro Devices, Inc. All Rights Reserved.
Running: D:/SOFTWARES/vivado2024/install/Vivado/2024.1/bin/unwrapped/win64.o/xelab.exe --incr --debug typical --relax --mt 2 -L xil_defaultlib -L uvm -L unisims_ver -L unimacro_ver -L secureip --snapshot tb_spi_slave_behav xil_defaultlib.tb_spi_slave xil_defaultlib.glbl -log elaborate.log 
Using 2 slave threads.
Starting static elaboration
Pass Through NonSizing Optimizer
WARNING: [VRFC 10-3823] variable 'mosi_reg_data' might have multiple concurrent drivers [D:/Github/tt10-multiplier_UART_SPI/src/tb_spi_slave.sv:50]
Completed static elaboration
Starting simulation data flow analysis
WARNING: [XSIM 43-4100] "D:/Github/tt10-multiplier_UART_SPI/vivado/project_1/project_1.sim/sim_1/behav/xsim/glbl.v" Line 6. Module glbl has a timescale but at least one module in design doesn't have timescale.
WARNING: [XSIM 43-4100] "D:/Github/tt10-multiplier_UART_SPI/vivado/project_1/project_1.sim/sim_1/behav/xsim/glbl.v" Line 6. Module glbl has a timescale but at least one module in design doesn't have timescale.
Completed simulation data flow analysis
Time Resolution for simulation is 1ps
Compiling module xil_defaultlib.spi_slave_default
Compiling module xil_defaultlib.tb_spi_slave
Compiling module xil_defaultlib.glbl
Built simulation snapshot tb_spi_slave_behav
INFO: [USF-XSim-69] 'elaborate' step finished in '3' seconds
Time resolution is 1 ps
relaunch_sim: Time (s): cpu = 00:00:03 ; elapsed = 00:00:08 . Memory (MB): peak = 1776.438 ; gain = 0.000
relaunch_sim
Command: launch_simulation -step compile -simset sim_1 -mode behavioral
INFO: [Vivado 12-12493] Simulation top is 'tb_spi_slave'
WARNING: [Vivado 12-13340] Unable to auto find GCC executables from simulator install path! (path not set)
INFO: [Vivado 12-5682] Launching behavioral simulation in 'D:/Github/tt10-multiplier_UART_SPI/vivado/project_1/project_1.sim/sim_1/behav/xsim'
INFO: [SIM-utils-51] Simulation object is 'sim_1'
INFO: [USF-XSim-2] XSim::Compile design
INFO: [USF-XSim-61] Executing 'COMPILE and ANALYZE' step in 'D:/Github/tt10-multiplier_UART_SPI/vivado/project_1/project_1.sim/sim_1/behav/xsim'
"xvlog --incr --relax -L uvm -prj tb_spi_slave_vlog.prj"
INFO: [USF-XSim-69] 'compile' step finished in '3' seconds
Command: launch_simulation -step elaborate -simset sim_1 -mode behavioral
INFO: [Vivado 12-12493] Simulation top is 'tb_spi_slave'
WARNING: [Vivado 12-13340] Unable to auto find GCC executables from simulator install path! (path not set)
INFO: [Vivado 12-5682] Launching behavioral simulation in 'D:/Github/tt10-multiplier_UART_SPI/vivado/project_1/project_1.sim/sim_1/behav/xsim'
INFO: [SIM-utils-51] Simulation object is 'sim_1'
INFO: [USF-XSim-3] XSim::Elaborate design
INFO: [USF-XSim-61] Executing 'ELABORATE' step in 'D:/Github/tt10-multiplier_UART_SPI/vivado/project_1/project_1.sim/sim_1/behav/xsim'
"xelab --incr --debug typical --relax --mt 2 -L xil_defaultlib -L uvm -L unisims_ver -L unimacro_ver -L secureip --snapshot tb_spi_slave_behav xil_defaultlib.tb_spi_slave xil_defaultlib.glbl -log elaborate.log"
Vivado Simulator v2024.1
Copyright 1986-2022 Xilinx, Inc. All Rights Reserved.
Copyright 2022-2024 Advanced Micro Devices, Inc. All Rights Reserved.
Running: D:/SOFTWARES/vivado2024/install/Vivado/2024.1/bin/unwrapped/win64.o/xelab.exe --incr --debug typical --relax --mt 2 -L xil_defaultlib -L uvm -L unisims_ver -L unimacro_ver -L secureip --snapshot tb_spi_slave_behav xil_defaultlib.tb_spi_slave xil_defaultlib.glbl -log elaborate.log 
Using 2 slave threads.
Starting static elaboration
Pass Through NonSizing Optimizer
WARNING: [VRFC 10-3823] variable 'mosi_reg_data' might have multiple concurrent drivers [D:/Github/tt10-multiplier_UART_SPI/src/tb_spi_slave.sv:50]
Completed static elaboration
INFO: [XSIM 43-4323] No Change in HDL. Linking previously generated obj files to create kernel
INFO: [USF-XSim-69] 'elaborate' step finished in '3' seconds
Time resolution is 1 ps
relaunch_sim: Time (s): cpu = 00:00:02 ; elapsed = 00:00:08 . Memory (MB): peak = 1776.438 ; gain = 0.000
restart
INFO: [Wavedata 42-604] Simulation restarted
run 3000 us
relaunch_sim
Command: launch_simulation -step compile -simset sim_1 -mode behavioral
INFO: [Vivado 12-12493] Simulation top is 'tb_spi_slave'
WARNING: [Vivado 12-13340] Unable to auto find GCC executables from simulator install path! (path not set)
INFO: [Vivado 12-5682] Launching behavioral simulation in 'D:/Github/tt10-multiplier_UART_SPI/vivado/project_1/project_1.sim/sim_1/behav/xsim'
INFO: [SIM-utils-51] Simulation object is 'sim_1'
INFO: [USF-XSim-2] XSim::Compile design
INFO: [USF-XSim-61] Executing 'COMPILE and ANALYZE' step in 'D:/Github/tt10-multiplier_UART_SPI/vivado/project_1/project_1.sim/sim_1/behav/xsim'
"xvlog --incr --relax -L uvm -prj tb_spi_slave_vlog.prj"
INFO: [VRFC 10-2263] Analyzing SystemVerilog file "D:/Github/tt10-multiplier_UART_SPI/src/spi_slave.sv" into library xil_defaultlib
INFO: [VRFC 10-311] analyzing module spi_slave
INFO: [VRFC 10-2263] Analyzing SystemVerilog file "D:/Github/tt10-multiplier_UART_SPI/src/tb_spi_slave.sv" into library xil_defaultlib
INFO: [VRFC 10-311] analyzing module tb_spi_slave
INFO: [USF-XSim-69] 'compile' step finished in '3' seconds
Command: launch_simulation -step elaborate -simset sim_1 -mode behavioral
INFO: [Vivado 12-12493] Simulation top is 'tb_spi_slave'
WARNING: [Vivado 12-13340] Unable to auto find GCC executables from simulator install path! (path not set)
INFO: [Vivado 12-5682] Launching behavioral simulation in 'D:/Github/tt10-multiplier_UART_SPI/vivado/project_1/project_1.sim/sim_1/behav/xsim'
INFO: [SIM-utils-51] Simulation object is 'sim_1'
INFO: [USF-XSim-3] XSim::Elaborate design
INFO: [USF-XSim-61] Executing 'ELABORATE' step in 'D:/Github/tt10-multiplier_UART_SPI/vivado/project_1/project_1.sim/sim_1/behav/xsim'
"xelab --incr --debug typical --relax --mt 2 -L xil_defaultlib -L uvm -L unisims_ver -L unimacro_ver -L secureip --snapshot tb_spi_slave_behav xil_defaultlib.tb_spi_slave xil_defaultlib.glbl -log elaborate.log"
Vivado Simulator v2024.1
Copyright 1986-2022 Xilinx, Inc. All Rights Reserved.
Copyright 2022-2024 Advanced Micro Devices, Inc. All Rights Reserved.
Running: D:/SOFTWARES/vivado2024/install/Vivado/2024.1/bin/unwrapped/win64.o/xelab.exe --incr --debug typical --relax --mt 2 -L xil_defaultlib -L uvm -L unisims_ver -L unimacro_ver -L secureip --snapshot tb_spi_slave_behav xil_defaultlib.tb_spi_slave xil_defaultlib.glbl -log elaborate.log 
Using 2 slave threads.
Starting static elaboration
Pass Through NonSizing Optimizer
WARNING: [VRFC 10-3823] variable 'mosi_reg_data' might have multiple concurrent drivers [D:/Github/tt10-multiplier_UART_SPI/src/tb_spi_slave.sv:50]
Completed static elaboration
Starting simulation data flow analysis
WARNING: [XSIM 43-4100] "D:/Github/tt10-multiplier_UART_SPI/vivado/project_1/project_1.sim/sim_1/behav/xsim/glbl.v" Line 6. Module glbl has a timescale but at least one module in design doesn't have timescale.
WARNING: [XSIM 43-4100] "D:/Github/tt10-multiplier_UART_SPI/vivado/project_1/project_1.sim/sim_1/behav/xsim/glbl.v" Line 6. Module glbl has a timescale but at least one module in design doesn't have timescale.
Completed simulation data flow analysis
Time Resolution for simulation is 1ps
Compiling module xil_defaultlib.spi_slave_default
Compiling module xil_defaultlib.tb_spi_slave
Compiling module xil_defaultlib.glbl
Built simulation snapshot tb_spi_slave_behav
INFO: [USF-XSim-69] 'elaborate' step finished in '3' seconds
Time resolution is 1 ps
relaunch_sim: Time (s): cpu = 00:00:02 ; elapsed = 00:00:08 . Memory (MB): peak = 1776.438 ; gain = 0.000
restart
INFO: [Wavedata 42-604] Simulation restarted
run 3000 us
relaunch_sim
Command: launch_simulation -step compile -simset sim_1 -mode behavioral
INFO: [Vivado 12-12493] Simulation top is 'tb_spi_slave'
WARNING: [Vivado 12-13340] Unable to auto find GCC executables from simulator install path! (path not set)
INFO: [Vivado 12-5682] Launching behavioral simulation in 'D:/Github/tt10-multiplier_UART_SPI/vivado/project_1/project_1.sim/sim_1/behav/xsim'
INFO: [SIM-utils-51] Simulation object is 'sim_1'
INFO: [USF-XSim-2] XSim::Compile design
INFO: [USF-XSim-61] Executing 'COMPILE and ANALYZE' step in 'D:/Github/tt10-multiplier_UART_SPI/vivado/project_1/project_1.sim/sim_1/behav/xsim'
"xvlog --incr --relax -L uvm -prj tb_spi_slave_vlog.prj"
INFO: [VRFC 10-2263] Analyzing SystemVerilog file "D:/Github/tt10-multiplier_UART_SPI/src/spi_slave.sv" into library xil_defaultlib
INFO: [VRFC 10-311] analyzing module spi_slave
INFO: [VRFC 10-2263] Analyzing SystemVerilog file "D:/Github/tt10-multiplier_UART_SPI/src/tb_spi_slave.sv" into library xil_defaultlib
INFO: [VRFC 10-311] analyzing module tb_spi_slave
INFO: [USF-XSim-69] 'compile' step finished in '2' seconds
Command: launch_simulation -step elaborate -simset sim_1 -mode behavioral
INFO: [Vivado 12-12493] Simulation top is 'tb_spi_slave'
WARNING: [Vivado 12-13340] Unable to auto find GCC executables from simulator install path! (path not set)
INFO: [Vivado 12-5682] Launching behavioral simulation in 'D:/Github/tt10-multiplier_UART_SPI/vivado/project_1/project_1.sim/sim_1/behav/xsim'
INFO: [SIM-utils-51] Simulation object is 'sim_1'
INFO: [USF-XSim-3] XSim::Elaborate design
INFO: [USF-XSim-61] Executing 'ELABORATE' step in 'D:/Github/tt10-multiplier_UART_SPI/vivado/project_1/project_1.sim/sim_1/behav/xsim'
"xelab --incr --debug typical --relax --mt 2 -L xil_defaultlib -L uvm -L unisims_ver -L unimacro_ver -L secureip --snapshot tb_spi_slave_behav xil_defaultlib.tb_spi_slave xil_defaultlib.glbl -log elaborate.log"
Vivado Simulator v2024.1
Copyright 1986-2022 Xilinx, Inc. All Rights Reserved.
Copyright 2022-2024 Advanced Micro Devices, Inc. All Rights Reserved.
Running: D:/SOFTWARES/vivado2024/install/Vivado/2024.1/bin/unwrapped/win64.o/xelab.exe --incr --debug typical --relax --mt 2 -L xil_defaultlib -L uvm -L unisims_ver -L unimacro_ver -L secureip --snapshot tb_spi_slave_behav xil_defaultlib.tb_spi_slave xil_defaultlib.glbl -log elaborate.log 
Using 2 slave threads.
Starting static elaboration
Pass Through NonSizing Optimizer
WARNING: [VRFC 10-3823] variable 'mosi_reg_data' might have multiple concurrent drivers [D:/Github/tt10-multiplier_UART_SPI/src/tb_spi_slave.sv:50]
Completed static elaboration
Starting simulation data flow analysis
WARNING: [XSIM 43-4100] "D:/Github/tt10-multiplier_UART_SPI/vivado/project_1/project_1.sim/sim_1/behav/xsim/glbl.v" Line 6. Module glbl has a timescale but at least one module in design doesn't have timescale.
WARNING: [XSIM 43-4100] "D:/Github/tt10-multiplier_UART_SPI/vivado/project_1/project_1.sim/sim_1/behav/xsim/glbl.v" Line 6. Module glbl has a timescale but at least one module in design doesn't have timescale.
Completed simulation data flow analysis
Time Resolution for simulation is 1ps
Compiling module xil_defaultlib.spi_slave_default
Compiling module xil_defaultlib.tb_spi_slave
Compiling module xil_defaultlib.glbl
Built simulation snapshot tb_spi_slave_behav
INFO: [USF-XSim-69] 'elaborate' step finished in '3' seconds
Time resolution is 1 ps
relaunch_sim: Time (s): cpu = 00:00:01 ; elapsed = 00:00:08 . Memory (MB): peak = 2612.527 ; gain = 24.371
restart
INFO: [Wavedata 42-604] Simulation restarted
run 3000 us
save_wave_config {D:/Github/tt10-multiplier_UART_SPI/vivado/project_1/tb_i8bit_mul_behav.wcfg}
close_sim
INFO: [Simtcl 6-16] Simulation closed
launch_simulation
Command: launch_simulation 
INFO: [Vivado 12-12493] Simulation top is 'tb_spi_slave'
WARNING: [Vivado 12-13340] Unable to auto find GCC executables from simulator install path! (path not set)
INFO: [Vivado 12-5682] Launching behavioral simulation in 'D:/Github/tt10-multiplier_UART_SPI/vivado/project_1/project_1.sim/sim_1/behav/xsim'
INFO: [SIM-utils-51] Simulation object is 'sim_1'
INFO: [SIM-utils-72] Using boost library from 'D:/SOFTWARES/vivado2024/install/Vivado/2024.1/tps/boost_1_72_0'
INFO: [SIM-utils-54] Inspecting design source files for 'tb_spi_slave' in fileset 'sim_1'...
INFO: [USF-XSim-97] Finding global include files...
INFO: [USF-XSim-98] Fetching design files from 'sim_1'...
INFO: [USF-XSim-2] XSim::Compile design
INFO: [USF-XSim-61] Executing 'COMPILE and ANALYZE' step in 'D:/Github/tt10-multiplier_UART_SPI/vivado/project_1/project_1.sim/sim_1/behav/xsim'
"xvlog --incr --relax -L uvm -prj tb_spi_slave_vlog.prj"
INFO: [USF-XSim-69] 'compile' step finished in '2' seconds
INFO: [USF-XSim-3] XSim::Elaborate design
INFO: [USF-XSim-61] Executing 'ELABORATE' step in 'D:/Github/tt10-multiplier_UART_SPI/vivado/project_1/project_1.sim/sim_1/behav/xsim'
"xelab --incr --debug typical --relax --mt 2 -L xil_defaultlib -L uvm -L unisims_ver -L unimacro_ver -L secureip --snapshot tb_spi_slave_behav xil_defaultlib.tb_spi_slave xil_defaultlib.glbl -log elaborate.log"
Vivado Simulator v2024.1
Copyright 1986-2022 Xilinx, Inc. All Rights Reserved.
Copyright 2022-2024 Advanced Micro Devices, Inc. All Rights Reserved.
Running: D:/SOFTWARES/vivado2024/install/Vivado/2024.1/bin/unwrapped/win64.o/xelab.exe --incr --debug typical --relax --mt 2 -L xil_defaultlib -L uvm -L unisims_ver -L unimacro_ver -L secureip --snapshot tb_spi_slave_behav xil_defaultlib.tb_spi_slave xil_defaultlib.glbl -log elaborate.log 
Using 2 slave threads.
Starting static elaboration
Pass Through NonSizing Optimizer
WARNING: [VRFC 10-3823] variable 'mosi_reg_data' might have multiple concurrent drivers [D:/Github/tt10-multiplier_UART_SPI/src/tb_spi_slave.sv:50]
Completed static elaboration
INFO: [XSIM 43-4323] No Change in HDL. Linking previously generated obj files to create kernel
INFO: [USF-XSim-69] 'elaborate' step finished in '3' seconds
INFO: [USF-XSim-4] XSim::Simulate design
INFO: [USF-XSim-61] Executing 'SIMULATE' step in 'D:/Github/tt10-multiplier_UART_SPI/vivado/project_1/project_1.sim/sim_1/behav/xsim'
INFO: [USF-XSim-98] *** Running xsim
   with args "tb_spi_slave_behav -key {Behavioral:sim_1:Functional:tb_spi_slave} -tclbatch {tb_spi_slave.tcl} -view {D:/Github/tt10-multiplier_UART_SPI/vivado/project_1/tb_i8bit_mul_behav.wcfg} -log {simulate.log}"
INFO: [USF-XSim-8] Loading simulator feature
Time resolution is 1 ps
open_wave_config D:/Github/tt10-multiplier_UART_SPI/vivado/project_1/tb_i8bit_mul_behav.wcfg
source tb_spi_slave.tcl
# set curr_wave [current_wave_config]
# if { [string length $curr_wave] == 0 } {
#   if { [llength [get_objects]] > 0} {
#     add_wave /
#     set_property needs_save false [current_wave_config]
#   } else {
#      send_msg_id Add_Wave-1 WARNING "No top level signals found. Simulator will start without a wave window. If you want to open a wave window go to 'File->New Waveform Configuration' or type 'create_wave_config' in the TCL console."
#   }
# }
# run 1000ns
INFO: [USF-XSim-96] XSim completed. Design snapshot 'tb_spi_slave_behav' loaded.
INFO: [USF-XSim-97] XSim simulation ran for 1000ns
launch_simulation: Time (s): cpu = 00:00:04 ; elapsed = 00:00:09 . Memory (MB): peak = 2612.527 ; gain = 0.000
restart
INFO: [Wavedata 42-604] Simulation restarted
run 3000 us
close_sim
INFO: [Simtcl 6-16] Simulation closed
add_files -norecurse D:/Github/tt10-multiplier_UART_SPI/src/uart_spi_top.sv
update_compile_order -fileset sources_1
set_property SOURCE_SET sources_1 [get_filesets sim_1]
add_files -fileset sim_1 -norecurse D:/Github/tt10-multiplier_UART_SPI/src/tb_uart_spi_top.sv
update_compile_order -fileset sim_1
set_property top tb_uart_spi_top [get_filesets sim_1]
set_property top_lib xil_defaultlib [get_filesets sim_1]
update_compile_order -fileset sim_1
launch_simulation
Command: launch_simulation 
INFO: [Vivado 12-12493] Simulation top is 'tb_uart_spi_top'
WARNING: [Vivado 12-13340] Unable to auto find GCC executables from simulator install path! (path not set)
INFO: [Vivado 12-5682] Launching behavioral simulation in 'D:/Github/tt10-multiplier_UART_SPI/vivado/project_1/project_1.sim/sim_1/behav/xsim'
INFO: [SIM-utils-51] Simulation object is 'sim_1'
INFO: [SIM-utils-72] Using boost library from 'D:/SOFTWARES/vivado2024/install/Vivado/2024.1/tps/boost_1_72_0'
INFO: [SIM-utils-54] Inspecting design source files for 'tb_uart_spi_top' in fileset 'sim_1'...
INFO: [USF-XSim-97] Finding global include files...
INFO: [USF-XSim-98] Fetching design files from 'sim_1'...
INFO: [USF-XSim-2] XSim::Compile design
INFO: [USF-XSim-61] Executing 'COMPILE and ANALYZE' step in 'D:/Github/tt10-multiplier_UART_SPI/vivado/project_1/project_1.sim/sim_1/behav/xsim'
"xvlog --incr --relax -L uvm -prj tb_uart_spi_top_vlog.prj"
INFO: [VRFC 10-2263] Analyzing SystemVerilog file "D:/Github/tt10-multiplier_UART_SPI/src/spi_slave.sv" into library xil_defaultlib
INFO: [VRFC 10-311] analyzing module spi_slave
INFO: [VRFC 10-2263] Analyzing SystemVerilog file "D:/Github/tt10-multiplier_UART_SPI/src/tb_uart_spi_top.sv" into library xil_defaultlib
INFO: [VRFC 10-311] analyzing module tb_uart_spi_top
INFO: [USF-XSim-69] 'compile' step finished in '2' seconds
INFO: [USF-XSim-3] XSim::Elaborate design
INFO: [USF-XSim-61] Executing 'ELABORATE' step in 'D:/Github/tt10-multiplier_UART_SPI/vivado/project_1/project_1.sim/sim_1/behav/xsim'
"xelab --incr --debug typical --relax --mt 2 -L xil_defaultlib -L uvm -L unisims_ver -L unimacro_ver -L secureip --snapshot tb_uart_spi_top_behav xil_defaultlib.tb_uart_spi_top xil_defaultlib.glbl -log elaborate.log"
Vivado Simulator v2024.1
Copyright 1986-2022 Xilinx, Inc. All Rights Reserved.
Copyright 2022-2024 Advanced Micro Devices, Inc. All Rights Reserved.
Running: D:/SOFTWARES/vivado2024/install/Vivado/2024.1/bin/unwrapped/win64.o/xelab.exe --incr --debug typical --relax --mt 2 -L xil_defaultlib -L uvm -L unisims_ver -L unimacro_ver -L secureip --snapshot tb_uart_spi_top_behav xil_defaultlib.tb_uart_spi_top xil_defaultlib.glbl -log elaborate.log 
Using 2 slave threads.
Starting static elaboration
Pass Through NonSizing Optimizer
ERROR: [VRFC 10-2063] Module <uart_rx_tx_loopback> not found while processing module instance <uut> [D:/Github/tt10-multiplier_UART_SPI/src/tb_uart_spi_top.sv:32]
ERROR: [XSIM 43-3322] Static elaboration of top level Verilog design unit(s) in library work failed.
INFO: [USF-XSim-69] 'elaborate' step finished in '3' seconds
INFO: [USF-XSim-99] Step results log file:'D:/Github/tt10-multiplier_UART_SPI/vivado/project_1/project_1.sim/sim_1/behav/xsim/elaborate.log'
ERROR: [USF-XSim-62] 'elaborate' step failed with error(s). Please check the Tcl console output or 'D:/Github/tt10-multiplier_UART_SPI/vivado/project_1/project_1.sim/sim_1/behav/xsim/elaborate.log' file for more information.
ERROR: [Vivado 12-4473] Detected error while running simulation. Please correct the issue and retry this operation.
launch_simulation: Time (s): cpu = 00:00:01 ; elapsed = 00:00:06 . Memory (MB): peak = 2622.941 ; gain = 0.000
ERROR: [Common 17-39] 'launch_simulation' failed due to earlier errors.
add_files -norecurse D:/Github/tt10-multiplier_UART_SPI/src/uart_rx_tx_loopback.sv
update_compile_order -fileset sources_1
export_ip_user_files -of_objects  [get_files D:/Github/tt10-multiplier_UART_SPI/src/tb_spi_master_slave.sv] -no_script -reset -force -quiet
remove_files  -fileset sim_1 D:/Github/tt10-multiplier_UART_SPI/src/tb_spi_master_slave.sv
launch_simulation
Command: launch_simulation 
INFO: [Vivado 12-12493] Simulation top is 'tb_uart_spi_top'
WARNING: [Vivado 12-13340] Unable to auto find GCC executables from simulator install path! (path not set)
INFO: [Vivado 12-5682] Launching behavioral simulation in 'D:/Github/tt10-multiplier_UART_SPI/vivado/project_1/project_1.sim/sim_1/behav/xsim'
INFO: [SIM-utils-51] Simulation object is 'sim_1'
INFO: [SIM-utils-72] Using boost library from 'D:/SOFTWARES/vivado2024/install/Vivado/2024.1/tps/boost_1_72_0'
INFO: [SIM-utils-54] Inspecting design source files for 'tb_uart_spi_top' in fileset 'sim_1'...
INFO: [USF-XSim-97] Finding global include files...
INFO: [USF-XSim-98] Fetching design files from 'sim_1'...
INFO: [USF-XSim-2] XSim::Compile design
INFO: [USF-XSim-61] Executing 'COMPILE and ANALYZE' step in 'D:/Github/tt10-multiplier_UART_SPI/vivado/project_1/project_1.sim/sim_1/behav/xsim'
"xvlog --incr --relax -L uvm -prj tb_uart_spi_top_vlog.prj"
INFO: [VRFC 10-2263] Analyzing SystemVerilog file "D:/Github/tt10-multiplier_UART_SPI/src/uart_rx.sv" into library xil_defaultlib
INFO: [VRFC 10-311] analyzing module uart_rx
INFO: [VRFC 10-2263] Analyzing SystemVerilog file "D:/Github/tt10-multiplier_UART_SPI/src/uart_rx_tx_loopback.sv" into library xil_defaultlib
INFO: [VRFC 10-311] analyzing module uart_rx_tx_loopback
INFO: [VRFC 10-2263] Analyzing SystemVerilog file "D:/Github/tt10-multiplier_UART_SPI/src/uart_tx.sv" into library xil_defaultlib
INFO: [VRFC 10-311] analyzing module uart_tx
INFO: [VRFC 10-2263] Analyzing SystemVerilog file "D:/Github/tt10-multiplier_UART_SPI/src/tb_uart_spi_top.sv" into library xil_defaultlib
INFO: [VRFC 10-311] analyzing module tb_uart_spi_top
INFO: [USF-XSim-69] 'compile' step finished in '3' seconds
INFO: [USF-XSim-3] XSim::Elaborate design
INFO: [USF-XSim-61] Executing 'ELABORATE' step in 'D:/Github/tt10-multiplier_UART_SPI/vivado/project_1/project_1.sim/sim_1/behav/xsim'
"xelab --incr --debug typical --relax --mt 2 -L xil_defaultlib -L uvm -L unisims_ver -L unimacro_ver -L secureip --snapshot tb_uart_spi_top_behav xil_defaultlib.tb_uart_spi_top xil_defaultlib.glbl -log elaborate.log"
Vivado Simulator v2024.1
Copyright 1986-2022 Xilinx, Inc. All Rights Reserved.
Copyright 2022-2024 Advanced Micro Devices, Inc. All Rights Reserved.
Running: D:/SOFTWARES/vivado2024/install/Vivado/2024.1/bin/unwrapped/win64.o/xelab.exe --incr --debug typical --relax --mt 2 -L xil_defaultlib -L uvm -L unisims_ver -L unimacro_ver -L secureip --snapshot tb_uart_spi_top_behav xil_defaultlib.tb_uart_spi_top xil_defaultlib.glbl -log elaborate.log 
Using 2 slave threads.
Starting static elaboration
Pass Through NonSizing Optimizer
WARNING: [VRFC 10-3823] variable 'mosi_reg_data' might have multiple concurrent drivers [D:/Github/tt10-multiplier_UART_SPI/src/tb_uart_spi_top.sv:112]
Completed static elaboration
Starting simulation data flow analysis
WARNING: [XSIM 43-4099] "D:/Github/tt10-multiplier_UART_SPI/src/spi_slave.sv" Line 1. Module spi_slave_default doesn't have a timescale but at least one module in design has a timescale.
WARNING: [XSIM 43-4099] "D:/Github/tt10-multiplier_UART_SPI/src/spi_slave.sv" Line 1. Module spi_slave_default doesn't have a timescale but at least one module in design has a timescale.
Completed simulation data flow analysis
Time Resolution for simulation is 1ps
Compiling module xil_defaultlib.uart_tx
Compiling module xil_defaultlib.uart_rx
Compiling module xil_defaultlib.uart_rx_tx_loopback
Compiling module xil_defaultlib.spi_slave_default
Compiling module xil_defaultlib.tb_uart_spi_top
Compiling module xil_defaultlib.glbl
Built simulation snapshot tb_uart_spi_top_behav
INFO: [USF-XSim-69] 'elaborate' step finished in '4' seconds
INFO: [USF-XSim-4] XSim::Simulate design
INFO: [USF-XSim-61] Executing 'SIMULATE' step in 'D:/Github/tt10-multiplier_UART_SPI/vivado/project_1/project_1.sim/sim_1/behav/xsim'
INFO: [USF-XSim-98] *** Running xsim
   with args "tb_uart_spi_top_behav -key {Behavioral:sim_1:Functional:tb_uart_spi_top} -tclbatch {tb_uart_spi_top.tcl} -view {D:/Github/tt10-multiplier_UART_SPI/vivado/project_1/tb_i8bit_mul_behav.wcfg} -log {simulate.log}"
INFO: [USF-XSim-8] Loading simulator feature
Time resolution is 1 ps
open_wave_config D:/Github/tt10-multiplier_UART_SPI/vivado/project_1/tb_i8bit_mul_behav.wcfg
WARNING: Simulation object /tb_spi_slave/clk was not found in the design.
WARNING: Simulation object /tb_spi_slave/reset was not found in the design.
WARNING: Simulation object /tb_spi_slave/spi_start was not found in the design.
WARNING: Simulation object /tb_spi_slave/miso_reg_data was not found in the design.
WARNING: Simulation object /tb_spi_slave/mosi was not found in the design.
WARNING: Simulation object /tb_spi_slave/cs_bar was not found in the design.
WARNING: Simulation object /tb_spi_slave/sclk was not found in the design.
WARNING: Simulation object /tb_spi_slave/miso was not found in the design.
WARNING: Simulation object /tb_spi_slave/mosi_reg_data was not found in the design.
WARNING: Simulation object /tb_spi_slave/rx_valid was not found in the design.
WARNING: Simulation object /tb_spi_slave/tx_done was not found in the design.
WARNING: Simulation object /tb_spi_slave/test_data was not found in the design.
WARNING: Simulation object /tb_spi_slave/i was not found in the design.
WARNING: Simulation object /tb_spi_slave/CLK_PERIOD was not found in the design.
WARNING: Simulation object /tb_spi_slave/SCLK_PERIOD was not found in the design.
WARNING: Simulation object /tb_spi_slave/uut/clk was not found in the design.
WARNING: Simulation object /tb_spi_slave/uut/reset was not found in the design.
WARNING: Simulation object /tb_spi_slave/uut/spi_start was not found in the design.
WARNING: Simulation object /tb_spi_slave/uut/miso_reg_data was not found in the design.
WARNING: Simulation object /tb_spi_slave/uut/mosi was not found in the design.
WARNING: Simulation object /tb_spi_slave/uut/cs_bar was not found in the design.
WARNING: Simulation object /tb_spi_slave/uut/sclk was not found in the design.
WARNING: Simulation object /tb_spi_slave/uut/miso was not found in the design.
WARNING: Simulation object /tb_spi_slave/uut/mosi_reg_data was not found in the design.
WARNING: Simulation object /tb_spi_slave/uut/rx_valid was not found in the design.
WARNING: Simulation object /tb_spi_slave/uut/tx_done was not found in the design.
WARNING: Simulation object /tb_spi_slave/uut/rx_shift_reg was not found in the design.
WARNING: Simulation object /tb_spi_slave/uut/tx_shift_reg was not found in the design.
WARNING: Simulation object /tb_spi_slave/uut/rx_bit_cnt was not found in the design.
WARNING: Simulation object /tb_spi_slave/uut/tx_bit_cnt was not found in the design.
WARNING: Simulation object /tb_spi_slave/uut/sclk_drive_edge was not found in the design.
WARNING: Simulation object /tb_spi_slave/uut/rx_state_flag was not found in the design.
WARNING: Simulation object /tb_spi_slave/uut/tx_state_flag was not found in the design.
WARNING: Simulation object /tb_spi_slave/uut/wait_cnt was not found in the design.
WARNING: Simulation object /tb_spi_slave/uut/state was not found in the design.
WARNING: Simulation object /tb_spi_slave/uut/WAIT_BITS was not found in the design.
WARNING: Simulation object /tb_spi_slave/uut/DATA_WIDTH was not found in the design.
WARNING: Simulation object /tb_spi_slave/uut/DATA_WIDTH_BITS was not found in the design.
source tb_uart_spi_top.tcl
# set curr_wave [current_wave_config]
# if { [string length $curr_wave] == 0 } {
#   if { [llength [get_objects]] > 0} {
#     add_wave /
#     set_property needs_save false [current_wave_config]
#   } else {
#      send_msg_id Add_Wave-1 WARNING "No top level signals found. Simulator will start without a wave window. If you want to open a wave window go to 'File->New Waveform Configuration' or type 'create_wave_config' in the TCL console."
#   }
# }
# run 1000ns
xsim: Time (s): cpu = 00:00:04 ; elapsed = 00:00:05 . Memory (MB): peak = 2622.941 ; gain = 0.000
INFO: [USF-XSim-96] XSim completed. Design snapshot 'tb_uart_spi_top_behav' loaded.
INFO: [USF-XSim-97] XSim simulation ran for 1000ns
launch_simulation: Time (s): cpu = 00:00:05 ; elapsed = 00:00:12 . Memory (MB): peak = 2622.941 ; gain = 0.000
current_wave_config {tb_i8bit_mul_behav.wcfg}
tb_i8bit_mul_behav.wcfg
add_wave {{/tb_uart_spi_top}} 
current_wave_config {tb_i8bit_mul_behav.wcfg}
tb_i8bit_mul_behav.wcfg
add_wave {{/tb_uart_spi_top/uut}} 
current_wave_config {tb_i8bit_mul_behav.wcfg}
tb_i8bit_mul_behav.wcfg
add_wave {{/tb_uart_spi_top/spi_uut}} 
restart
INFO: [Wavedata 42-604] Simulation restarted
run 3000 us
run 3000 us
run 3000 us
run 3000 us
run 3000 us
current_wave_config {tb_i8bit_mul_behav.wcfg}
tb_i8bit_mul_behav.wcfg
add_wave {{/tb_uart_spi_top/uut/uart_tx_inst}} 
current_wave_config {tb_i8bit_mul_behav.wcfg}
tb_i8bit_mul_behav.wcfg
add_wave {{/tb_uart_spi_top/uut/uart_rx_inst}} 
restart
INFO: [Wavedata 42-604] Simulation restarted
run 3000 us
run 3000 us
current_wave_config {tb_i8bit_mul_behav.wcfg}
tb_i8bit_mul_behav.wcfg
add_wave {{/tb_uart_spi_top/uut}} 
restart
INFO: [Wavedata 42-604] Simulation restarted
run 3000 us
save_wave_config {D:/Github/tt10-multiplier_UART_SPI/vivado/project_1/tb_i8bit_mul_behav.wcfg}
close_sim
INFO: [Simtcl 6-16] Simulation closed
launch_simulation
Command: launch_simulation 
INFO: [Vivado 12-12493] Simulation top is 'tb_uart_spi_top'
WARNING: [Vivado 12-13340] Unable to auto find GCC executables from simulator install path! (path not set)
INFO: [Vivado 12-5682] Launching behavioral simulation in 'D:/Github/tt10-multiplier_UART_SPI/vivado/project_1/project_1.sim/sim_1/behav/xsim'
INFO: [SIM-utils-51] Simulation object is 'sim_1'
INFO: [SIM-utils-72] Using boost library from 'D:/SOFTWARES/vivado2024/install/Vivado/2024.1/tps/boost_1_72_0'
INFO: [SIM-utils-54] Inspecting design source files for 'tb_uart_spi_top' in fileset 'sim_1'...
INFO: [USF-XSim-97] Finding global include files...
INFO: [USF-XSim-98] Fetching design files from 'sim_1'...
INFO: [USF-XSim-2] XSim::Compile design
INFO: [USF-XSim-61] Executing 'COMPILE and ANALYZE' step in 'D:/Github/tt10-multiplier_UART_SPI/vivado/project_1/project_1.sim/sim_1/behav/xsim'
"xvlog --incr --relax -L uvm -prj tb_uart_spi_top_vlog.prj"
INFO: [VRFC 10-2263] Analyzing SystemVerilog file "D:/Github/tt10-multiplier_UART_SPI/src/spi_slave.sv" into library xil_defaultlib
INFO: [VRFC 10-311] analyzing module spi_slave
INFO: [VRFC 10-2263] Analyzing SystemVerilog file "D:/Github/tt10-multiplier_UART_SPI/src/uart_rx.sv" into library xil_defaultlib
INFO: [VRFC 10-311] analyzing module uart_rx
INFO: [VRFC 10-2263] Analyzing SystemVerilog file "D:/Github/tt10-multiplier_UART_SPI/src/uart_rx_tx_loopback.sv" into library xil_defaultlib
INFO: [VRFC 10-311] analyzing module uart_rx_tx_loopback
INFO: [VRFC 10-2263] Analyzing SystemVerilog file "D:/Github/tt10-multiplier_UART_SPI/src/uart_spi_top.sv" into library xil_defaultlib
INFO: [VRFC 10-311] analyzing module uart_spi_top
INFO: [VRFC 10-2263] Analyzing SystemVerilog file "D:/Github/tt10-multiplier_UART_SPI/src/uart_tx.sv" into library xil_defaultlib
INFO: [VRFC 10-311] analyzing module uart_tx
INFO: [VRFC 10-2263] Analyzing SystemVerilog file "D:/Github/tt10-multiplier_UART_SPI/src/tb_uart_spi_top.sv" into library xil_defaultlib
INFO: [VRFC 10-311] analyzing module tb_uart_spi_top
INFO: [USF-XSim-69] 'compile' step finished in '3' seconds
INFO: [USF-XSim-3] XSim::Elaborate design
INFO: [USF-XSim-61] Executing 'ELABORATE' step in 'D:/Github/tt10-multiplier_UART_SPI/vivado/project_1/project_1.sim/sim_1/behav/xsim'
"xelab --incr --debug typical --relax --mt 2 -L xil_defaultlib -L uvm -L unisims_ver -L unimacro_ver -L secureip --snapshot tb_uart_spi_top_behav xil_defaultlib.tb_uart_spi_top xil_defaultlib.glbl -log elaborate.log"
Vivado Simulator v2024.1
Copyright 1986-2022 Xilinx, Inc. All Rights Reserved.
Copyright 2022-2024 Advanced Micro Devices, Inc. All Rights Reserved.
Running: D:/SOFTWARES/vivado2024/install/Vivado/2024.1/bin/unwrapped/win64.o/xelab.exe --incr --debug typical --relax --mt 2 -L xil_defaultlib -L uvm -L unisims_ver -L unimacro_ver -L secureip --snapshot tb_uart_spi_top_behav xil_defaultlib.tb_uart_spi_top xil_defaultlib.glbl -log elaborate.log 
Using 2 slave threads.
Starting static elaboration
Pass Through NonSizing Optimizer
ERROR: [VRFC 10-3180] cannot find port 'uart_tx_d_out' on this module [D:/Github/tt10-multiplier_UART_SPI/src/tb_uart_spi_top.sv:40]
ERROR: [VRFC 10-3180] cannot find port 'uart_rx_d_in' on this module [D:/Github/tt10-multiplier_UART_SPI/src/tb_uart_spi_top.sv:34]
ERROR: [VRFC 10-8530] module 'spi_slave_default' is ignored due to previous errors [D:/Github/tt10-multiplier_UART_SPI/src/spi_slave.sv:1]
ERROR: [XSIM 43-3322] Static elaboration of top level Verilog design unit(s) in library work failed.
INFO: [USF-XSim-69] 'elaborate' step finished in '3' seconds
INFO: [USF-XSim-99] Step results log file:'D:/Github/tt10-multiplier_UART_SPI/vivado/project_1/project_1.sim/sim_1/behav/xsim/elaborate.log'
ERROR: [USF-XSim-62] 'elaborate' step failed with error(s). Please check the Tcl console output or 'D:/Github/tt10-multiplier_UART_SPI/vivado/project_1/project_1.sim/sim_1/behav/xsim/elaborate.log' file for more information.
ERROR: [Vivado 12-4473] Detected error while running simulation. Please correct the issue and retry this operation.
launch_simulation: Time (s): cpu = 00:00:01 ; elapsed = 00:00:06 . Memory (MB): peak = 2622.941 ; gain = 0.000
ERROR: [Common 17-39] 'launch_simulation' failed due to earlier errors.
launch_simulation
Command: launch_simulation 
INFO: [Vivado 12-12493] Simulation top is 'tb_uart_spi_top'
WARNING: [Vivado 12-13340] Unable to auto find GCC executables from simulator install path! (path not set)
INFO: [Vivado 12-5682] Launching behavioral simulation in 'D:/Github/tt10-multiplier_UART_SPI/vivado/project_1/project_1.sim/sim_1/behav/xsim'
INFO: [SIM-utils-51] Simulation object is 'sim_1'
INFO: [SIM-utils-72] Using boost library from 'D:/SOFTWARES/vivado2024/install/Vivado/2024.1/tps/boost_1_72_0'
INFO: [SIM-utils-54] Inspecting design source files for 'tb_uart_spi_top' in fileset 'sim_1'...
INFO: [USF-XSim-97] Finding global include files...
INFO: [USF-XSim-98] Fetching design files from 'sim_1'...
INFO: [USF-XSim-2] XSim::Compile design
INFO: [USF-XSim-61] Executing 'COMPILE and ANALYZE' step in 'D:/Github/tt10-multiplier_UART_SPI/vivado/project_1/project_1.sim/sim_1/behav/xsim'
"xvlog --incr --relax -L uvm -prj tb_uart_spi_top_vlog.prj"
INFO: [VRFC 10-2263] Analyzing SystemVerilog file "D:/Github/tt10-multiplier_UART_SPI/src/spi_slave.sv" into library xil_defaultlib
INFO: [VRFC 10-311] analyzing module spi_slave
INFO: [VRFC 10-2263] Analyzing SystemVerilog file "D:/Github/tt10-multiplier_UART_SPI/src/uart_rx.sv" into library xil_defaultlib
INFO: [VRFC 10-311] analyzing module uart_rx
INFO: [VRFC 10-2263] Analyzing SystemVerilog file "D:/Github/tt10-multiplier_UART_SPI/src/uart_rx_tx_loopback.sv" into library xil_defaultlib
INFO: [VRFC 10-311] analyzing module uart_rx_tx_loopback
INFO: [VRFC 10-2263] Analyzing SystemVerilog file "D:/Github/tt10-multiplier_UART_SPI/src/uart_spi_top.sv" into library xil_defaultlib
INFO: [VRFC 10-311] analyzing module uart_spi_top
INFO: [VRFC 10-2263] Analyzing SystemVerilog file "D:/Github/tt10-multiplier_UART_SPI/src/uart_tx.sv" into library xil_defaultlib
INFO: [VRFC 10-311] analyzing module uart_tx
INFO: [VRFC 10-2263] Analyzing SystemVerilog file "D:/Github/tt10-multiplier_UART_SPI/src/tb_uart_spi_top.sv" into library xil_defaultlib
INFO: [VRFC 10-311] analyzing module tb_uart_spi_top
INFO: [USF-XSim-69] 'compile' step finished in '3' seconds
INFO: [USF-XSim-3] XSim::Elaborate design
INFO: [USF-XSim-61] Executing 'ELABORATE' step in 'D:/Github/tt10-multiplier_UART_SPI/vivado/project_1/project_1.sim/sim_1/behav/xsim'
"xelab --incr --debug typical --relax --mt 2 -L xil_defaultlib -L uvm -L unisims_ver -L unimacro_ver -L secureip --snapshot tb_uart_spi_top_behav xil_defaultlib.tb_uart_spi_top xil_defaultlib.glbl -log elaborate.log"
Vivado Simulator v2024.1
Copyright 1986-2022 Xilinx, Inc. All Rights Reserved.
Copyright 2022-2024 Advanced Micro Devices, Inc. All Rights Reserved.
Running: D:/SOFTWARES/vivado2024/install/Vivado/2024.1/bin/unwrapped/win64.o/xelab.exe --incr --debug typical --relax --mt 2 -L xil_defaultlib -L uvm -L unisims_ver -L unimacro_ver -L secureip --snapshot tb_uart_spi_top_behav xil_defaultlib.tb_uart_spi_top xil_defaultlib.glbl -log elaborate.log 
Using 2 slave threads.
Starting static elaboration
Pass Through NonSizing Optimizer
ERROR: [VRFC 10-3180] cannot find port 'uart_received_data' on this module [D:/Github/tt10-multiplier_UART_SPI/src/uart_spi_top.sv:54]
ERROR: [VRFC 10-3180] cannot find port 'uart_transmit_data' on this module [D:/Github/tt10-multiplier_UART_SPI/src/uart_spi_top.sv:49]
ERROR: [VRFC 10-8530] module 'spi_slave_default' is ignored due to previous errors [D:/Github/tt10-multiplier_UART_SPI/src/spi_slave.sv:1]
ERROR: [XSIM 43-3322] Static elaboration of top level Verilog design unit(s) in library work failed.
INFO: [USF-XSim-69] 'elaborate' step finished in '3' seconds
INFO: [USF-XSim-99] Step results log file:'D:/Github/tt10-multiplier_UART_SPI/vivado/project_1/project_1.sim/sim_1/behav/xsim/elaborate.log'
ERROR: [USF-XSim-62] 'elaborate' step failed with error(s). Please check the Tcl console output or 'D:/Github/tt10-multiplier_UART_SPI/vivado/project_1/project_1.sim/sim_1/behav/xsim/elaborate.log' file for more information.
ERROR: [Vivado 12-4473] Detected error while running simulation. Please correct the issue and retry this operation.
launch_simulation: Time (s): cpu = 00:00:01 ; elapsed = 00:00:06 . Memory (MB): peak = 2622.941 ; gain = 0.000
ERROR: [Common 17-39] 'launch_simulation' failed due to earlier errors.
launch_simulation
Command: launch_simulation 
INFO: [Vivado 12-12493] Simulation top is 'tb_uart_spi_top'
WARNING: [Vivado 12-13340] Unable to auto find GCC executables from simulator install path! (path not set)
INFO: [Vivado 12-5682] Launching behavioral simulation in 'D:/Github/tt10-multiplier_UART_SPI/vivado/project_1/project_1.sim/sim_1/behav/xsim'
INFO: [SIM-utils-51] Simulation object is 'sim_1'
INFO: [SIM-utils-72] Using boost library from 'D:/SOFTWARES/vivado2024/install/Vivado/2024.1/tps/boost_1_72_0'
INFO: [SIM-utils-54] Inspecting design source files for 'tb_uart_spi_top' in fileset 'sim_1'...
INFO: [USF-XSim-97] Finding global include files...
INFO: [USF-XSim-98] Fetching design files from 'sim_1'...
INFO: [USF-XSim-2] XSim::Compile design
INFO: [USF-XSim-61] Executing 'COMPILE and ANALYZE' step in 'D:/Github/tt10-multiplier_UART_SPI/vivado/project_1/project_1.sim/sim_1/behav/xsim'
"xvlog --incr --relax -L uvm -prj tb_uart_spi_top_vlog.prj"
INFO: [VRFC 10-2263] Analyzing SystemVerilog file "D:/Github/tt10-multiplier_UART_SPI/src/spi_slave.sv" into library xil_defaultlib
INFO: [VRFC 10-311] analyzing module spi_slave
INFO: [VRFC 10-2263] Analyzing SystemVerilog file "D:/Github/tt10-multiplier_UART_SPI/src/uart_rx.sv" into library xil_defaultlib
INFO: [VRFC 10-311] analyzing module uart_rx
INFO: [VRFC 10-2263] Analyzing SystemVerilog file "D:/Github/tt10-multiplier_UART_SPI/src/uart_rx_tx_loopback.sv" into library xil_defaultlib
INFO: [VRFC 10-311] analyzing module uart_rx_tx_loopback
INFO: [VRFC 10-2263] Analyzing SystemVerilog file "D:/Github/tt10-multiplier_UART_SPI/src/uart_spi_top.sv" into library xil_defaultlib
INFO: [VRFC 10-311] analyzing module uart_spi_top
INFO: [VRFC 10-2263] Analyzing SystemVerilog file "D:/Github/tt10-multiplier_UART_SPI/src/uart_tx.sv" into library xil_defaultlib
INFO: [VRFC 10-311] analyzing module uart_tx
INFO: [VRFC 10-2263] Analyzing SystemVerilog file "D:/Github/tt10-multiplier_UART_SPI/src/tb_uart_spi_top.sv" into library xil_defaultlib
INFO: [VRFC 10-311] analyzing module tb_uart_spi_top
INFO: [USF-XSim-69] 'compile' step finished in '2' seconds
INFO: [USF-XSim-3] XSim::Elaborate design
INFO: [USF-XSim-61] Executing 'ELABORATE' step in 'D:/Github/tt10-multiplier_UART_SPI/vivado/project_1/project_1.sim/sim_1/behav/xsim'
"xelab --incr --debug typical --relax --mt 2 -L xil_defaultlib -L uvm -L unisims_ver -L unimacro_ver -L secureip --snapshot tb_uart_spi_top_behav xil_defaultlib.tb_uart_spi_top xil_defaultlib.glbl -log elaborate.log"
Vivado Simulator v2024.1
Copyright 1986-2022 Xilinx, Inc. All Rights Reserved.
Copyright 2022-2024 Advanced Micro Devices, Inc. All Rights Reserved.
Running: D:/SOFTWARES/vivado2024/install/Vivado/2024.1/bin/unwrapped/win64.o/xelab.exe --incr --debug typical --relax --mt 2 -L xil_defaultlib -L uvm -L unisims_ver -L unimacro_ver -L secureip --snapshot tb_uart_spi_top_behav xil_defaultlib.tb_uart_spi_top xil_defaultlib.glbl -log elaborate.log 
Using 2 slave threads.
Starting static elaboration
Pass Through NonSizing Optimizer
WARNING: [VRFC 10-3091] actual bit length 8 differs from formal bit length 16 for port 'miso_reg_data' [D:/Github/tt10-multiplier_UART_SPI/src/uart_spi_top.sv:60]
WARNING: [VRFC 10-3091] actual bit length 8 differs from formal bit length 16 for port 'mosi_reg_data' [D:/Github/tt10-multiplier_UART_SPI/src/uart_spi_top.sv:65]
Completed static elaboration
Starting simulation data flow analysis
WARNING: [XSIM 43-4099] "D:/Github/tt10-multiplier_UART_SPI/src/spi_slave.sv" Line 1. Module spi_slave_default doesn't have a timescale but at least one module in design has a timescale.
WARNING: [XSIM 43-4099] "D:/Github/tt10-multiplier_UART_SPI/src/spi_slave.sv" Line 1. Module spi_slave_default doesn't have a timescale but at least one module in design has a timescale.
Completed simulation data flow analysis
Time Resolution for simulation is 1ps
Compiling module xil_defaultlib.uart_tx
Compiling module xil_defaultlib.uart_rx
Compiling module xil_defaultlib.uart_rx_tx_loopback
Compiling module xil_defaultlib.spi_slave_default
Compiling module xil_defaultlib.uart_spi_top
Compiling module xil_defaultlib.tb_uart_spi_top
Compiling module xil_defaultlib.glbl
Built simulation snapshot tb_uart_spi_top_behav
INFO: [USF-XSim-69] 'elaborate' step finished in '4' seconds
INFO: [USF-XSim-4] XSim::Simulate design
INFO: [USF-XSim-61] Executing 'SIMULATE' step in 'D:/Github/tt10-multiplier_UART_SPI/vivado/project_1/project_1.sim/sim_1/behav/xsim'
INFO: [USF-XSim-98] *** Running xsim
   with args "tb_uart_spi_top_behav -key {Behavioral:sim_1:Functional:tb_uart_spi_top} -tclbatch {tb_uart_spi_top.tcl} -view {D:/Github/tt10-multiplier_UART_SPI/vivado/project_1/tb_i8bit_mul_behav.wcfg} -log {simulate.log}"
INFO: [USF-XSim-8] Loading simulator feature
Time resolution is 1 ps
open_wave_config D:/Github/tt10-multiplier_UART_SPI/vivado/project_1/tb_i8bit_mul_behav.wcfg
WARNING: Simulation object /tb_uart_spi_top/uut/uart_tx_inst/uart_clock was not found in the design.
WARNING: Simulation object /tb_uart_spi_top/uut/uart_tx_inst/uart_reset was not found in the design.
WARNING: Simulation object /tb_uart_spi_top/uut/uart_tx_inst/uart_start was not found in the design.
WARNING: Simulation object /tb_uart_spi_top/uut/uart_tx_inst/uart_d_in was not found in the design.
WARNING: Simulation object /tb_uart_spi_top/uut/uart_tx_inst/freq_control was not found in the design.
WARNING: Simulation object /tb_uart_spi_top/uut/uart_tx_inst/uart_d_out was not found in the design.
WARNING: Simulation object /tb_uart_spi_top/uut/uart_tx_inst/uart_tx_ready was not found in the design.
WARNING: Simulation object /tb_uart_spi_top/uut/uart_tx_inst/transmit_complete was not found in the design.
WARNING: Simulation object /tb_uart_spi_top/uut/uart_tx_inst/tx_reg_ready was not found in the design.
WARNING: Simulation object /tb_uart_spi_top/uut/uart_tx_inst/bit_count was not found in the design.
WARNING: Simulation object /tb_uart_spi_top/uut/uart_tx_inst/clk_count was not found in the design.
WARNING: Simulation object /tb_uart_spi_top/uut/uart_tx_inst/edge_detect_reg was not found in the design.
WARNING: Simulation object /tb_uart_spi_top/uut/uart_tx_inst/data_shift_reg was not found in the design.
WARNING: Simulation object /tb_uart_spi_top/uut/uart_tx_inst/pulse_duration was not found in the design.
WARNING: Simulation object /tb_uart_spi_top/uut/uart_tx_inst/state was not found in the design.
WARNING: Simulation object /tb_uart_spi_top/uut/uart_tx_inst/start_data_stop_width was not found in the design.
WARNING: Simulation object /tb_uart_spi_top/uut/uart_rx_inst/uart_clock was not found in the design.
WARNING: Simulation object /tb_uart_spi_top/uut/uart_rx_inst/uart_reset was not found in the design.
WARNING: Simulation object /tb_uart_spi_top/uut/uart_rx_inst/uart_d_in was not found in the design.
WARNING: Simulation object /tb_uart_spi_top/uut/uart_rx_inst/freq_control was not found in the design.
WARNING: Simulation object /tb_uart_spi_top/uut/uart_rx_inst/uart_d_out was not found in the design.
WARNING: Simulation object /tb_uart_spi_top/uut/uart_rx_inst/uart_valid was not found in the design.
WARNING: Simulation object /tb_uart_spi_top/uut/uart_rx_inst/clk_count was not found in the design.
WARNING: Simulation object /tb_uart_spi_top/uut/uart_rx_inst/clk_count_half was not found in the design.
WARNING: Simulation object /tb_uart_spi_top/uut/uart_rx_inst/total_count was not found in the design.
WARNING: Simulation object /tb_uart_spi_top/uut/uart_rx_inst/data_buffer was not found in the design.
WARNING: Simulation object /tb_uart_spi_top/uut/uart_rx_inst/edge_detect_reg was not found in the design.
WARNING: Simulation object /tb_uart_spi_top/uut/uart_rx_inst/pulse_duration was not found in the design.
WARNING: Simulation object /tb_uart_spi_top/uut/uart_rx_inst/half_pulse_duration was not found in the design.
WARNING: Simulation object /tb_uart_spi_top/uut/uart_rx_inst/state was not found in the design.
WARNING: Simulation object /tb_uart_spi_top/uut/uart_rx_inst/start_data_stop_width was not found in the design.
WARNING: Simulation object /tb_uart_spi_top/uut/clk was not found in the design.
WARNING: Simulation object /tb_uart_spi_top/uut/reset was not found in the design.
WARNING: Simulation object /tb_uart_spi_top/uut/uart_rx_d_in was not found in the design.
WARNING: Simulation object /tb_uart_spi_top/uut/uart_tx_start was not found in the design.
WARNING: Simulation object /tb_uart_spi_top/uut/freq_control was not found in the design.
WARNING: Simulation object /tb_uart_spi_top/uut/uart_tx_d_out was not found in the design.
WARNING: Simulation object /tb_uart_spi_top/uut/uart_rx_valid was not found in the design.
WARNING: Simulation object /tb_uart_spi_top/uut/uart_tx_ready was not found in the design.
WARNING: Simulation object /tb_uart_spi_top/uut/uart_reg_data was not found in the design.
source tb_uart_spi_top.tcl
# set curr_wave [current_wave_config]
# if { [string length $curr_wave] == 0 } {
#   if { [llength [get_objects]] > 0} {
#     add_wave /
#     set_property needs_save false [current_wave_config]
#   } else {
#      send_msg_id Add_Wave-1 WARNING "No top level signals found. Simulator will start without a wave window. If you want to open a wave window go to 'File->New Waveform Configuration' or type 'create_wave_config' in the TCL console."
#   }
# }
# run 1000ns
INFO: [USF-XSim-96] XSim completed. Design snapshot 'tb_uart_spi_top_behav' loaded.
INFO: [USF-XSim-97] XSim simulation ran for 1000ns
launch_simulation: Time (s): cpu = 00:00:05 ; elapsed = 00:00:10 . Memory (MB): peak = 2622.941 ; gain = 0.000
current_wave_config {tb_i8bit_mul_behav.wcfg}
tb_i8bit_mul_behav.wcfg
add_wave {{/tb_uart_spi_top}} 
restart
INFO: [Wavedata 42-604] Simulation restarted
run 3000 us
run 3000 us
relaunch_sim
Command: launch_simulation -step compile -simset sim_1 -mode behavioral
INFO: [Vivado 12-12493] Simulation top is 'tb_uart_spi_top'
WARNING: [Vivado 12-13340] Unable to auto find GCC executables from simulator install path! (path not set)
INFO: [Vivado 12-5682] Launching behavioral simulation in 'D:/Github/tt10-multiplier_UART_SPI/vivado/project_1/project_1.sim/sim_1/behav/xsim'
INFO: [SIM-utils-51] Simulation object is 'sim_1'
INFO: [USF-XSim-2] XSim::Compile design
INFO: [USF-XSim-61] Executing 'COMPILE and ANALYZE' step in 'D:/Github/tt10-multiplier_UART_SPI/vivado/project_1/project_1.sim/sim_1/behav/xsim'
"xvlog --incr --relax -L uvm -prj tb_uart_spi_top_vlog.prj"
INFO: [VRFC 10-2263] Analyzing SystemVerilog file "D:/Github/tt10-multiplier_UART_SPI/src/spi_slave.sv" into library xil_defaultlib
INFO: [VRFC 10-311] analyzing module spi_slave
INFO: [VRFC 10-2263] Analyzing SystemVerilog file "D:/Github/tt10-multiplier_UART_SPI/src/uart_rx.sv" into library xil_defaultlib
INFO: [VRFC 10-311] analyzing module uart_rx
INFO: [VRFC 10-2263] Analyzing SystemVerilog file "D:/Github/tt10-multiplier_UART_SPI/src/uart_rx_tx_loopback.sv" into library xil_defaultlib
INFO: [VRFC 10-311] analyzing module uart_rx_tx_loopback
INFO: [VRFC 10-2263] Analyzing SystemVerilog file "D:/Github/tt10-multiplier_UART_SPI/src/uart_spi_top.sv" into library xil_defaultlib
INFO: [VRFC 10-311] analyzing module uart_spi_top
INFO: [VRFC 10-2263] Analyzing SystemVerilog file "D:/Github/tt10-multiplier_UART_SPI/src/uart_tx.sv" into library xil_defaultlib
INFO: [VRFC 10-311] analyzing module uart_tx
INFO: [VRFC 10-2263] Analyzing SystemVerilog file "D:/Github/tt10-multiplier_UART_SPI/src/tb_uart_spi_top.sv" into library xil_defaultlib
INFO: [VRFC 10-311] analyzing module tb_uart_spi_top
INFO: [USF-XSim-69] 'compile' step finished in '2' seconds
Command: launch_simulation -step elaborate -simset sim_1 -mode behavioral
INFO: [Vivado 12-12493] Simulation top is 'tb_uart_spi_top'
WARNING: [Vivado 12-13340] Unable to auto find GCC executables from simulator install path! (path not set)
INFO: [Vivado 12-5682] Launching behavioral simulation in 'D:/Github/tt10-multiplier_UART_SPI/vivado/project_1/project_1.sim/sim_1/behav/xsim'
INFO: [SIM-utils-51] Simulation object is 'sim_1'
INFO: [USF-XSim-3] XSim::Elaborate design
INFO: [USF-XSim-61] Executing 'ELABORATE' step in 'D:/Github/tt10-multiplier_UART_SPI/vivado/project_1/project_1.sim/sim_1/behav/xsim'
"xelab --incr --debug typical --relax --mt 2 -L xil_defaultlib -L uvm -L unisims_ver -L unimacro_ver -L secureip --snapshot tb_uart_spi_top_behav xil_defaultlib.tb_uart_spi_top xil_defaultlib.glbl -log elaborate.log"
Vivado Simulator v2024.1
Copyright 1986-2022 Xilinx, Inc. All Rights Reserved.
Copyright 2022-2024 Advanced Micro Devices, Inc. All Rights Reserved.
Running: D:/SOFTWARES/vivado2024/install/Vivado/2024.1/bin/unwrapped/win64.o/xelab.exe --incr --debug typical --relax --mt 2 -L xil_defaultlib -L uvm -L unisims_ver -L unimacro_ver -L secureip --snapshot tb_uart_spi_top_behav xil_defaultlib.tb_uart_spi_top xil_defaultlib.glbl -log elaborate.log 
Using 2 slave threads.
Starting static elaboration
Pass Through NonSizing Optimizer
WARNING: [VRFC 10-3091] actual bit length 8 differs from formal bit length 16 for port 'miso_reg_data' [D:/Github/tt10-multiplier_UART_SPI/src/uart_spi_top.sv:60]
WARNING: [VRFC 10-3091] actual bit length 8 differs from formal bit length 16 for port 'mosi_reg_data' [D:/Github/tt10-multiplier_UART_SPI/src/uart_spi_top.sv:65]
Completed static elaboration
Starting simulation data flow analysis
WARNING: [XSIM 43-4099] "D:/Github/tt10-multiplier_UART_SPI/src/spi_slave.sv" Line 1. Module spi_slave_default doesn't have a timescale but at least one module in design has a timescale.
WARNING: [XSIM 43-4099] "D:/Github/tt10-multiplier_UART_SPI/src/spi_slave.sv" Line 1. Module spi_slave_default doesn't have a timescale but at least one module in design has a timescale.
Completed simulation data flow analysis
Time Resolution for simulation is 1ps
Compiling module xil_defaultlib.uart_tx
Compiling module xil_defaultlib.uart_rx
Compiling module xil_defaultlib.uart_rx_tx_loopback
Compiling module xil_defaultlib.spi_slave_default
Compiling module xil_defaultlib.uart_spi_top
Compiling module xil_defaultlib.tb_uart_spi_top
Compiling module xil_defaultlib.glbl
Built simulation snapshot tb_uart_spi_top_behav
INFO: [USF-XSim-69] 'elaborate' step finished in '4' seconds
Time resolution is 1 ps
relaunch_sim: Time (s): cpu = 00:00:01 ; elapsed = 00:00:09 . Memory (MB): peak = 2622.941 ; gain = 0.000
restart
INFO: [Wavedata 42-604] Simulation restarted
run 3000 us
run 3000 us
add_files -norecurse D:/Github/tt10-multiplier_UART_SPI/src/project.v
save_wave_config {D:/Github/tt10-multiplier_UART_SPI/vivado/project_1/tb_i8bit_mul_behav.wcfg}
close_sim
INFO: [Simtcl 6-16] Simulation closed
update_compile_order -fileset sources_1
set_property SOURCE_SET sources_1 [get_filesets sim_1]
add_files -fileset sim_1 -norecurse D:/Github/tt10-multiplier_UART_SPI/src/tb_tt_um_uart_spi.sv
update_compile_order -fileset sim_1
launch_simulation
Command: launch_simulation 
INFO: [Vivado 12-12493] Simulation top is 'tb_uart_spi_top'
WARNING: [Vivado 12-13340] Unable to auto find GCC executables from simulator install path! (path not set)
INFO: [Vivado 12-5682] Launching behavioral simulation in 'D:/Github/tt10-multiplier_UART_SPI/vivado/project_1/project_1.sim/sim_1/behav/xsim'
INFO: [SIM-utils-51] Simulation object is 'sim_1'
INFO: [SIM-utils-72] Using boost library from 'D:/SOFTWARES/vivado2024/install/Vivado/2024.1/tps/boost_1_72_0'
INFO: [SIM-utils-54] Inspecting design source files for 'tb_uart_spi_top' in fileset 'sim_1'...
INFO: [USF-XSim-97] Finding global include files...
INFO: [USF-XSim-98] Fetching design files from 'sim_1'...
INFO: [USF-XSim-2] XSim::Compile design
INFO: [USF-XSim-61] Executing 'COMPILE and ANALYZE' step in 'D:/Github/tt10-multiplier_UART_SPI/vivado/project_1/project_1.sim/sim_1/behav/xsim'
"xvlog --incr --relax -L uvm -prj tb_uart_spi_top_vlog.prj"
INFO: [USF-XSim-69] 'compile' step finished in '2' seconds
INFO: [USF-XSim-3] XSim::Elaborate design
INFO: [USF-XSim-61] Executing 'ELABORATE' step in 'D:/Github/tt10-multiplier_UART_SPI/vivado/project_1/project_1.sim/sim_1/behav/xsim'
"xelab --incr --debug typical --relax --mt 2 -L xil_defaultlib -L uvm -L unisims_ver -L unimacro_ver -L secureip --snapshot tb_uart_spi_top_behav xil_defaultlib.tb_uart_spi_top xil_defaultlib.glbl -log elaborate.log"
Vivado Simulator v2024.1
Copyright 1986-2022 Xilinx, Inc. All Rights Reserved.
Copyright 2022-2024 Advanced Micro Devices, Inc. All Rights Reserved.
Running: D:/SOFTWARES/vivado2024/install/Vivado/2024.1/bin/unwrapped/win64.o/xelab.exe --incr --debug typical --relax --mt 2 -L xil_defaultlib -L uvm -L unisims_ver -L unimacro_ver -L secureip --snapshot tb_uart_spi_top_behav xil_defaultlib.tb_uart_spi_top xil_defaultlib.glbl -log elaborate.log 
Using 2 slave threads.
Starting static elaboration
Pass Through NonSizing Optimizer
WARNING: [VRFC 10-3091] actual bit length 8 differs from formal bit length 16 for port 'miso_reg_data' [D:/Github/tt10-multiplier_UART_SPI/src/uart_spi_top.sv:60]
WARNING: [VRFC 10-3091] actual bit length 8 differs from formal bit length 16 for port 'mosi_reg_data' [D:/Github/tt10-multiplier_UART_SPI/src/uart_spi_top.sv:65]
Completed static elaboration
INFO: [XSIM 43-4323] No Change in HDL. Linking previously generated obj files to create kernel
INFO: [USF-XSim-69] 'elaborate' step finished in '3' seconds
INFO: [USF-XSim-4] XSim::Simulate design
INFO: [USF-XSim-61] Executing 'SIMULATE' step in 'D:/Github/tt10-multiplier_UART_SPI/vivado/project_1/project_1.sim/sim_1/behav/xsim'
INFO: [USF-XSim-98] *** Running xsim
   with args "tb_uart_spi_top_behav -key {Behavioral:sim_1:Functional:tb_uart_spi_top} -tclbatch {tb_uart_spi_top.tcl} -view {D:/Github/tt10-multiplier_UART_SPI/vivado/project_1/tb_i8bit_mul_behav.wcfg} -log {simulate.log}"
INFO: [USF-XSim-8] Loading simulator feature
Time resolution is 1 ps
open_wave_config D:/Github/tt10-multiplier_UART_SPI/vivado/project_1/tb_i8bit_mul_behav.wcfg
source tb_uart_spi_top.tcl
# set curr_wave [current_wave_config]
# if { [string length $curr_wave] == 0 } {
#   if { [llength [get_objects]] > 0} {
#     add_wave /
#     set_property needs_save false [current_wave_config]
#   } else {
#      send_msg_id Add_Wave-1 WARNING "No top level signals found. Simulator will start without a wave window. If you want to open a wave window go to 'File->New Waveform Configuration' or type 'create_wave_config' in the TCL console."
#   }
# }
# run 1000ns
INFO: [USF-XSim-96] XSim completed. Design snapshot 'tb_uart_spi_top_behav' loaded.
INFO: [USF-XSim-97] XSim simulation ran for 1000ns
launch_simulation: Time (s): cpu = 00:00:03 ; elapsed = 00:00:09 . Memory (MB): peak = 2622.941 ; gain = 0.000
current_wave_config {tb_i8bit_mul_behav.wcfg}
tb_i8bit_mul_behav.wcfg
add_wave {{/tb_uart_spi_top}} 
restart
INFO: [Wavedata 42-604] Simulation restarted
run 3000 us
run 3000 us
run 3000 us
save_wave_config {D:/Github/tt10-multiplier_UART_SPI/vivado/project_1/tb_i8bit_mul_behav.wcfg}
close_sim
INFO: [Simtcl 6-16] Simulation closed
exit
INFO: [Common 17-206] Exiting Vivado at Wed Mar 12 22:32:43 2025...
